#
# There is insufficient memory for the Java Runtime Environment to continue.
# Native memory allocation (mmap) failed to map 90177536 bytes for Failed to commit area from 0x0000000091600000 to 0x0000000096c00000 of length 90177536.
# Possible reasons:
#   The system is out of physical RAM or swap space
#   The process is running with CompressedOops enabled, and the Java Heap may be blocking the growth of the native heap
# Possible solutions:
#   Reduce memory load on the system
#   Increase physical memory or swap space
#   Check if swap backing store is full
#   Decrease Java heap size (-Xmx/-Xms)
#   Decrease number of Java threads
#   Decrease Java thread stack sizes (-Xss)
#   Set larger code cache with -XX:ReservedCodeCacheSize=
#   JVM is running with Unscaled Compressed Oops mode in which the Java heap is
#     placed in the first 4GB address space. The Java Heap base address is the
#     maximum limit for the native heap growth. Please use -XX:HeapBaseMinAddress
#     to set the Java Heap base and to place the Java Heap above 4GB virtual address.
# This output file may be truncated or incomplete.
#
#  Out of Memory Error (src/hotspot/os/windows/os_windows.cpp:3627), pid=2692, tid=828
#
# JRE version: OpenJDK Runtime Environment (11.0.15) (build 11.0.15+0-b2043.56-8887301)
# Java VM: OpenJDK 64-Bit Server VM (11.0.15+0-b2043.56-8887301, mixed mode, tiered, compressed oops, g1 gc, windows-amd64)
# No core dump will be written. Minidumps are not enabled by default on client versions of Windows
#

---------------  S U M M A R Y ------------

Command Line: --add-opens=java.base/java.util=ALL-UNNAMED --add-opens=java.base/java.lang=ALL-UNNAMED --add-opens=java.base/java.lang.invoke=ALL-UNNAMED --add-opens=java.base/java.util=ALL-UNNAMED --add-opens=java.prefs/java.util.prefs=ALL-UNNAMED --add-opens=java.prefs/java.util.prefs=ALL-UNNAMED --add-opens=java.base/java.nio.charset=ALL-UNNAMED --add-opens=java.base/java.net=ALL-UNNAMED --add-opens=java.base/java.util.concurrent.atomic=ALL-UNNAMED -Xmx2048m -Dfile.encoding=UTF-8 -Duser.country=US -Duser.language=en -Duser.variant org.gradle.launcher.daemon.bootstrap.GradleDaemon 7.5

Host: 11th Gen Intel(R) Core(TM) i5-11300H @ 3.10GHz, 8 cores, 7G,  Windows 11 , 64 bit Build 22000 (10.0.22000.1516)
Time: Sun Mar 26 14:47:29 2023 India Standard Time elapsed time: 266.242411 seconds (0d 0h 4m 26s)

---------------  T H R E A D  ---------------

Current thread (0x000002510f2d6000):  VMThread "VM Thread" [stack: 0x0000005724600000,0x0000005724700000] [id=828]

Stack: [0x0000005724600000,0x0000005724700000]
[error occurred during error reporting (printing stack bounds), id 0xc0000005, EXCEPTION_ACCESS_VIOLATION (0xc0000005) at pc=0x00000251000012e7]

Native frames: (J=compiled Java code, j=interpreted, Vv=VM code, C=native code)
V  [jvm.dll+0x64135a]
V  [jvm.dll+0x7d39f9]
V  [jvm.dll+0x7d51b9]
V  [jvm.dll+0x7d5805]
V  [jvm.dll+0x7d57bb]
V  [jvm.dll+0x640655]
V  [jvm.dll+0x640d68]
C  [ntdll.dll+0xa8b1f]
C  [ntdll.dll+0x35b9a]
C  [ntdll.dll+0xa7b2e]
C  0x00000251000012e7

VM_Operation (0x00000057286f8d00): G1CollectForAllocation, mode: safepoint, requested by thread 0x0000025113a34000


---------------  P R O C E S S  ---------------

Threads class SMR info:
_java_thread_list=0x0000025110482040, length=137, elements={
0x0000025174d39800, 0x000002510f2dc000, 0x000002510f2e7800, 0x000002510fb56800,
0x000002510fb59000, 0x000002510fb5c800, 0x000002510fb5d800, 0x000002510f2f9800,
0x000002510f2fd000, 0x000002510fccd000, 0x00000251128a9800, 0x0000025111a52800,
0x0000025111d6a800, 0x00000251120d9800, 0x00000251120db800, 0x00000251120dc000,
0x00000251120d6800, 0x00000251120d8000, 0x00000251120d9000, 0x00000251120da800,
0x00000251120dd000, 0x00000251120d7800, 0x00000251158d7000, 0x00000251158d4000,
0x00000251158d4800, 0x00000251158d5800, 0x00000251158d8000, 0x00000251158dd800,
0x00000251126e1800, 0x00000251126d8000, 0x00000251126d9000, 0x00000251126d9800,
0x00000251126d4000, 0x00000251126d7000, 0x00000251126da800, 0x00000251126d4800,
0x00000251126db000, 0x00000251126d5800, 0x00000251126dc000, 0x00000251126d6800,
0x00000251126e2800, 0x00000251126dd000, 0x00000251126dd800, 0x00000251126df800,
0x00000251126e0000, 0x00000251126e1000, 0x0000025113a2e000, 0x0000025113a2b800,
0x0000025113a2c800, 0x0000025113a2f000, 0x0000025113a29800, 0x0000025113a2d800,
0x0000025113a30000, 0x0000025113a2a000, 0x0000025113a30800, 0x0000025113a2b000,
0x0000025113a34800, 0x0000025113a33000, 0x0000025113a34000, 0x0000025113a35800,
0x0000025113a32800, 0x0000025113a36800, 0x0000025113a37000, 0x0000025113a38000,
0x00000251158d2000, 0x00000251158d9000, 0x00000251158d6800, 0x00000251158d3000,
0x00000251158de800, 0x00000251158df800, 0x00000251158db000, 0x00000251158dc000,
0x00000251158dd000, 0x00000251158e0000, 0x00000251158da800, 0x00000251158e1000,
0x0000025115100000, 0x0000025115100800, 0x00000251150ff000, 0x0000025115103000,
0x0000025115102800, 0x0000025115101800, 0x00000251150fe000, 0x00000251150fd800,
0x0000025115108000, 0x0000025115109000, 0x0000025115109800, 0x0000025115104000,
0x0000025115105800, 0x0000025115105000, 0x0000025115107000, 0x0000025115106800,
0x000002511510a800, 0x000002511510b800, 0x000002511510c000, 0x0000025116ea7000,
0x0000025116eac000, 0x0000025116eac800, 0x0000025116ea8800, 0x0000025116ead800,
0x0000025116ea8000, 0x0000025116eae800, 0x0000025116ea9800, 0x0000025116eaf000,
0x0000025116eb0000, 0x0000025116eab000, 0x0000025116eaa000, 0x0000025116eb1800,
0x0000025116eb5000, 0x0000025116eb5800, 0x0000025116eb0800, 0x0000025116eb2800,
0x0000025116eb3000, 0x0000025116eb4000, 0x0000025116d10000, 0x0000025116d12800,
0x0000025116d0c800, 0x0000025116d10800, 0x0000025116d0d800, 0x0000025116d0e000,
0x0000025116d11800, 0x0000025116d13000, 0x0000025116d14000, 0x0000025116d15800,
0x0000025116d16800, 0x0000025116d17000, 0x0000025116d14800, 0x0000025116d18000,
0x0000025116d1b800, 0x0000025116d19000, 0x0000025116d19800, 0x0000025116d1a800,
0x00000251114e4000, 0x00000251114e7000, 0x00000251114ea800, 0x00000251114e4800,
0x0000025112660000
}

Java Threads: ( => current thread )
  0x0000025174d39800 JavaThread "main" [_thread_blocked, id=19868, stack(0x0000005724000000,0x0000005724100000)]
  0x000002510f2dc000 JavaThread "Reference Handler" daemon [_thread_blocked, id=19636, stack(0x0000005724700000,0x0000005724800000)]
  0x000002510f2e7800 JavaThread "Finalizer" daemon [_thread_blocked, id=22500, stack(0x0000005724800000,0x0000005724900000)]
  0x000002510fb56800 JavaThread "Signal Dispatcher" daemon [_thread_blocked, id=27068, stack(0x0000005724900000,0x0000005724a00000)]
  0x000002510fb59000 JavaThread "Attach Listener" daemon [_thread_blocked, id=6900, stack(0x0000005724a00000,0x0000005724b00000)]
  0x000002510fb5c800 JavaThread "Service Thread" daemon [_thread_blocked, id=27140, stack(0x0000005724b00000,0x0000005724c00000)]
  0x000002510fb5d800 JavaThread "C2 CompilerThread0" daemon [_thread_blocked, id=24172, stack(0x0000005724c00000,0x0000005724d00000)]
  0x000002510f2f9800 JavaThread "C1 CompilerThread0" daemon [_thread_blocked, id=19464, stack(0x0000005724d00000,0x0000005724e00000)]
  0x000002510f2fd000 JavaThread "Sweeper thread" daemon [_thread_blocked, id=14860, stack(0x0000005724e00000,0x0000005724f00000)]
  0x000002510fccd000 JavaThread "Common-Cleaner" daemon [_thread_blocked, id=15444, stack(0x0000005724f00000,0x0000005725000000)]
  0x00000251128a9800 JavaThread "Daemon health stats" [_thread_blocked, id=15260, stack(0x0000005725400000,0x0000005725500000)]
  0x0000025111a52800 JavaThread "Incoming local TCP Connector on port 52913" [_thread_in_native, id=2540, stack(0x0000005725100000,0x0000005725200000)]
  0x0000025111d6a800 JavaThread "Daemon periodic checks" [_thread_blocked, id=20764, stack(0x0000005725500000,0x0000005725600000)]
  0x00000251120d9800 JavaThread "Cache worker for journal cache (C:\Users\MOHAMMAD ANZIL\.gradle\caches\journal-1)" [_thread_blocked, id=12632, stack(0x0000005726200000,0x0000005726300000)]
  0x00000251120db800 JavaThread "File lock request listener" [_thread_in_native, id=18844, stack(0x0000005726300000,0x0000005726400000)]
  0x00000251120dc000 JavaThread "Cache worker for file hash cache (C:\Users\MOHAMMAD ANZIL\.gradle\caches\7.5\fileHashes)" [_thread_blocked, id=10444, stack(0x0000005726500000,0x0000005726600000)]
  0x00000251120d6800 JavaThread "File watcher server" daemon [_thread_blocked, id=13644, stack(0x0000005726700000,0x0000005726800000)]
  0x00000251120d8000 JavaThread "File watcher consumer" daemon [_thread_blocked, id=22676, stack(0x0000005726800000,0x0000005726900000)]
  0x00000251120d9000 JavaThread "jar transforms" [_thread_blocked, id=16424, stack(0x0000005726900000,0x0000005726a00000)]
  0x00000251120da800 JavaThread "jar transforms Thread 2" [_thread_blocked, id=10308, stack(0x0000005726a00000,0x0000005726b00000)]
  0x00000251120dd000 JavaThread "jar transforms Thread 3" [_thread_blocked, id=3636, stack(0x0000005726b00000,0x0000005726c00000)]
  0x00000251120d7800 JavaThread "jar transforms Thread 4" [_thread_blocked, id=17904, stack(0x0000005726c00000,0x0000005726d00000)]
  0x00000251158d7000 JavaThread "jar transforms Thread 5" [_thread_blocked, id=20116, stack(0x0000005726d00000,0x0000005726e00000)]
  0x00000251158d4000 JavaThread "jar transforms Thread 6" [_thread_blocked, id=4776, stack(0x0000005726e00000,0x0000005726f00000)]
  0x00000251158d4800 JavaThread "jar transforms Thread 7" [_thread_blocked, id=1400, stack(0x0000005726f00000,0x0000005727000000)]
  0x00000251158d5800 JavaThread "jar transforms Thread 8" [_thread_blocked, id=22720, stack(0x0000005727000000,0x0000005727100000)]
  0x00000251158d8000 JavaThread "Cache worker for file content cache (C:\Users\MOHAMMAD ANZIL\.gradle\caches\7.5\fileContent)" [_thread_blocked, id=23776, stack(0x0000005727200000,0x0000005727300000)]
  0x00000251158dd800 JavaThread "Cache worker for execution history cache (C:\Users\MOHAMMAD ANZIL\.gradle\caches\7.5\executionHistory)" [_thread_blocked, id=20464, stack(0x0000005727500000,0x0000005727600000)]
  0x00000251126e1800 JavaThread "Memory manager" [_thread_blocked, id=24872, stack(0x000000572ca00000,0x000000572cb00000)]
  0x00000251126d8000 JavaThread "Daemon Thread 2" [_thread_blocked, id=9756, stack(0x0000005723d00000,0x0000005723e00000)]
  0x00000251126d9000 JavaThread "Handler for socket connection from /127.0.0.1:52913 to /127.0.0.1:53211" [_thread_in_native, id=17404, stack(0x0000005723e00000,0x0000005723f00000)]
  0x00000251126d9800 JavaThread "Cancel handler" [_thread_blocked, id=12084, stack(0x0000005723f00000,0x0000005724000000)]
  0x00000251126d4000 JavaThread "Daemon worker Thread 2" [_thread_blocked, id=22228, stack(0x0000005725600000,0x0000005725700000)]
  0x00000251126d7000 JavaThread "Asynchronous log dispatcher for DefaultDaemonConnection: socket connection from /127.0.0.1:52913 to /127.0.0.1:53211" [_thread_blocked, id=13688, stack(0x0000005725700000,0x0000005725800000)]
  0x00000251126da800 JavaThread "Stdin handler" [_thread_blocked, id=11892, stack(0x0000005725800000,0x0000005725900000)]
  0x00000251126d4800 JavaThread "Daemon client event forwarder" [_thread_blocked, id=596, stack(0x0000005725900000,0x0000005725a00000)]
  0x00000251126db000 JavaThread "Cache worker for checksums cache (C:\Users\MOHAMMAD ANZIL\Desktop\std\Hallticketrealll\.gradle\7.5\checksums)" [_thread_blocked, id=6048, stack(0x0000005725a00000,0x0000005725b00000)]
  0x00000251126d5800 JavaThread "Cache worker for cache directory md-rule (C:\Users\MOHAMMAD ANZIL\.gradle\caches\7.5\md-rule)" [_thread_blocked, id=19804, stack(0x0000005725b00000,0x0000005725c00000)]
  0x00000251126dc000 JavaThread "Cache worker for file hash cache (C:\Users\MOHAMMAD ANZIL\Desktop\std\Hallticketrealll\.gradle\7.5\fileHashes)" [_thread_blocked, id=22520, stack(0x0000005725c00000,0x0000005725d00000)]
  0x00000251126d6800 JavaThread "Cache worker for cache directory md-supplier (C:\Users\MOHAMMAD ANZIL\.gradle\caches\7.5\md-supplier)" [_thread_blocked, id=24824, stack(0x0000005726600000,0x0000005726700000)]
  0x00000251126e2800 JavaThread "Cache worker for dependencies-accessors (C:\Users\MOHAMMAD ANZIL\Desktop\std\Hallticketrealll\.gradle\7.5\dependencies-accessors)" [_thread_blocked, id=26988, stack(0x0000005727100000,0x0000005727200000)]
  0x00000251126dd000 JavaThread "Cache worker for Build Output Cleanup Cache (C:\Users\MOHAMMAD ANZIL\Desktop\std\Hallticketrealll\.gradle\buildOutputCleanup)" [_thread_blocked, id=13608, stack(0x0000005727300000,0x0000005727400000)]
  0x00000251126dd800 JavaThread "Unconstrained build operations" [_thread_blocked, id=17488, stack(0x0000005727400000,0x0000005727500000)]
  0x00000251126df800 JavaThread "Unconstrained build operations Thread 2" [_thread_blocked, id=17652, stack(0x0000005727600000,0x0000005727700000)]
  0x00000251126e0000 JavaThread "Unconstrained build operations Thread 3" [_thread_blocked, id=11544, stack(0x0000005727700000,0x0000005727800000)]
  0x00000251126e1000 JavaThread "Unconstrained build operations Thread 4" [_thread_blocked, id=4192, stack(0x0000005727800000,0x0000005727900000)]
  0x0000025113a2e000 JavaThread "Unconstrained build operations Thread 5" [_thread_blocked, id=13160, stack(0x0000005727a00000,0x0000005727b00000)]
  0x0000025113a2b800 JavaThread "Unconstrained build operations Thread 6" [_thread_blocked, id=4016, stack(0x0000005727b00000,0x0000005727c00000)]
  0x0000025113a2c800 JavaThread "Unconstrained build operations Thread 7" [_thread_blocked, id=3620, stack(0x0000005727c00000,0x0000005727d00000)]
  0x0000025113a2f000 JavaThread "Unconstrained build operations Thread 8" [_thread_blocked, id=25720, stack(0x0000005727d00000,0x0000005727e00000)]
  0x0000025113a29800 JavaThread "Unconstrained build operations Thread 9" [_thread_blocked, id=10024, stack(0x0000005727e00000,0x0000005727f00000)]
  0x0000025113a2d800 JavaThread "Unconstrained build operations Thread 10" [_thread_blocked, id=18980, stack(0x0000005727f00000,0x0000005728000000)]
  0x0000025113a30000 JavaThread "Unconstrained build operations Thread 11" [_thread_blocked, id=15084, stack(0x0000005728000000,0x0000005728100000)]
  0x0000025113a2a000 JavaThread "Unconstrained build operations Thread 12" [_thread_blocked, id=1776, stack(0x0000005728100000,0x0000005728200000)]
  0x0000025113a30800 JavaThread "Unconstrained build operations Thread 13" [_thread_blocked, id=22432, stack(0x0000005728200000,0x0000005728300000)]
  0x0000025113a2b000 JavaThread "Unconstrained build operations Thread 14" [_thread_blocked, id=26184, stack(0x0000005728300000,0x0000005728400000)]
  0x0000025113a34800 JavaThread "Unconstrained build operations Thread 15" [_thread_blocked, id=19320, stack(0x0000005728400000,0x0000005728500000)]
  0x0000025113a33000 JavaThread "Unconstrained build operations Thread 16" [_thread_blocked, id=19236, stack(0x0000005728500000,0x0000005728600000)]
  0x0000025113a34000 JavaThread "Unconstrained build operations Thread 17" [_thread_blocked, id=25300, stack(0x0000005728600000,0x0000005728700000)]
  0x0000025113a35800 JavaThread "Unconstrained build operations Thread 18" [_thread_blocked, id=19260, stack(0x0000005728700000,0x0000005728800000)]
  0x0000025113a32800 JavaThread "Unconstrained build operations Thread 19" [_thread_blocked, id=8848, stack(0x0000005728800000,0x0000005728900000)]
  0x0000025113a36800 JavaThread "Unconstrained build operations Thread 20" [_thread_blocked, id=10412, stack(0x0000005728900000,0x0000005728a00000)]
  0x0000025113a37000 JavaThread "Unconstrained build operations Thread 21" [_thread_blocked, id=24404, stack(0x0000005728a00000,0x0000005728b00000)]
  0x0000025113a38000 JavaThread "Unconstrained build operations Thread 22" [_thread_blocked, id=3656, stack(0x0000005728b00000,0x0000005728c00000)]
  0x00000251158d2000 JavaThread "Unconstrained build operations Thread 23" [_thread_blocked, id=25436, stack(0x0000005728c00000,0x0000005728d00000)]
  0x00000251158d9000 JavaThread "Unconstrained build operations Thread 24" [_thread_blocked, id=6292, stack(0x0000005728d00000,0x0000005728e00000)]
  0x00000251158d6800 JavaThread "Unconstrained build operations Thread 25" [_thread_blocked, id=16044, stack(0x0000005728e00000,0x0000005728f00000)]
  0x00000251158d3000 JavaThread "Unconstrained build operations Thread 26" [_thread_blocked, id=24664, stack(0x0000005728f00000,0x0000005729000000)]
  0x00000251158de800 JavaThread "Unconstrained build operations Thread 27" [_thread_blocked, id=27000, stack(0x0000005729000000,0x0000005729100000)]
  0x00000251158df800 JavaThread "Unconstrained build operations Thread 28" [_thread_blocked, id=23400, stack(0x0000005729100000,0x0000005729200000)]
  0x00000251158db000 JavaThread "Unconstrained build operations Thread 29" [_thread_blocked, id=14472, stack(0x0000005729200000,0x0000005729300000)]
  0x00000251158dc000 JavaThread "Unconstrained build operations Thread 30" [_thread_blocked, id=23520, stack(0x0000005729300000,0x0000005729400000)]
  0x00000251158dd000 JavaThread "Unconstrained build operations Thread 31" [_thread_blocked, id=2608, stack(0x0000005729400000,0x0000005729500000)]
  0x00000251158e0000 JavaThread "Unconstrained build operations Thread 32" [_thread_blocked, id=27592, stack(0x0000005729500000,0x0000005729600000)]
  0x00000251158da800 JavaThread "Unconstrained build operations Thread 33" [_thread_blocked, id=14016, stack(0x0000005729600000,0x0000005729700000)]
  0x00000251158e1000 JavaThread "Unconstrained build operations Thread 34" [_thread_blocked, id=26536, stack(0x0000005729700000,0x0000005729800000)]
  0x0000025115100000 JavaThread "Unconstrained build operations Thread 35" [_thread_blocked, id=15796, stack(0x0000005729800000,0x0000005729900000)]
  0x0000025115100800 JavaThread "Unconstrained build operations Thread 36" [_thread_blocked, id=5664, stack(0x0000005729900000,0x0000005729a00000)]
  0x00000251150ff000 JavaThread "Unconstrained build operations Thread 37" [_thread_blocked, id=5536, stack(0x0000005729a00000,0x0000005729b00000)]
  0x0000025115103000 JavaThread "Unconstrained build operations Thread 38" [_thread_blocked, id=25864, stack(0x0000005729b00000,0x0000005729c00000)]
  0x0000025115102800 JavaThread "Unconstrained build operations Thread 39" [_thread_blocked, id=18840, stack(0x0000005729c00000,0x0000005729d00000)]
  0x0000025115101800 JavaThread "Unconstrained build operations Thread 40" [_thread_blocked, id=14884, stack(0x0000005729d00000,0x0000005729e00000)]
  0x00000251150fe000 JavaThread "Unconstrained build operations Thread 41" [_thread_blocked, id=18528, stack(0x0000005729e00000,0x0000005729f00000)]
  0x00000251150fd800 JavaThread "Unconstrained build operations Thread 42" [_thread_blocked, id=27360, stack(0x0000005729f00000,0x000000572a000000)]
  0x0000025115108000 JavaThread "Unconstrained build operations Thread 43" [_thread_blocked, id=4696, stack(0x000000572a000000,0x000000572a100000)]
  0x0000025115109000 JavaThread "Unconstrained build operations Thread 44" [_thread_blocked, id=27036, stack(0x000000572a100000,0x000000572a200000)]
  0x0000025115109800 JavaThread "Unconstrained build operations Thread 45" [_thread_blocked, id=20176, stack(0x000000572a200000,0x000000572a300000)]
  0x0000025115104000 JavaThread "Unconstrained build operations Thread 46" [_thread_blocked, id=19232, stack(0x000000572a300000,0x000000572a400000)]
  0x0000025115105800 JavaThread "Unconstrained build operations Thread 47" [_thread_blocked, id=14612, stack(0x000000572a400000,0x000000572a500000)]
  0x0000025115105000 JavaThread "Unconstrained build operations Thread 48" [_thread_blocked, id=1880, stack(0x000000572a500000,0x000000572a600000)]
  0x0000025115107000 JavaThread "Unconstrained build operations Thread 49" [_thread_blocked, id=24116, stack(0x000000572a600000,0x000000572a700000)]
  0x0000025115106800 JavaThread "Unconstrained build operations Thread 50" [_thread_blocked, id=13912, stack(0x000000572a700000,0x000000572a800000)]
  0x000002511510a800 JavaThread "Unconstrained build operations Thread 51" [_thread_blocked, id=4072, stack(0x000000572a800000,0x000000572a900000)]
  0x000002511510b800 JavaThread "Unconstrained build operations Thread 52" [_thread_blocked, id=12564, stack(0x000000572a900000,0x000000572aa00000)]
  0x000002511510c000 JavaThread "Unconstrained build operations Thread 53" [_thread_blocked, id=13900, stack(0x000000572aa00000,0x000000572ab00000)]
  0x0000025116ea7000 JavaThread "Unconstrained build operations Thread 54" [_thread_blocked, id=21760, stack(0x000000572ab00000,0x000000572ac00000)]
  0x0000025116eac000 JavaThread "Unconstrained build operations Thread 55" [_thread_blocked, id=25308, stack(0x000000572ac00000,0x000000572ad00000)]
  0x0000025116eac800 JavaThread "Unconstrained build operations Thread 56" [_thread_blocked, id=19580, stack(0x000000572ad00000,0x000000572ae00000)]
  0x0000025116ea8800 JavaThread "Unconstrained build operations Thread 57" [_thread_blocked, id=9820, stack(0x000000572ae00000,0x000000572af00000)]
  0x0000025116ead800 JavaThread "Unconstrained build operations Thread 58" [_thread_blocked, id=16084, stack(0x000000572af00000,0x000000572b000000)]
  0x0000025116ea8000 JavaThread "Unconstrained build operations Thread 59" [_thread_blocked, id=5372, stack(0x000000572b000000,0x000000572b100000)]
  0x0000025116eae800 JavaThread "Unconstrained build operations Thread 60" [_thread_blocked, id=24264, stack(0x000000572b100000,0x000000572b200000)]
  0x0000025116ea9800 JavaThread "Unconstrained build operations Thread 61" [_thread_blocked, id=5480, stack(0x000000572b200000,0x000000572b300000)]
  0x0000025116eaf000 JavaThread "Unconstrained build operations Thread 62" [_thread_blocked, id=26052, stack(0x000000572b300000,0x000000572b400000)]
  0x0000025116eb0000 JavaThread "Unconstrained build operations Thread 63" [_thread_blocked, id=1228, stack(0x000000572b400000,0x000000572b500000)]
  0x0000025116eab000 JavaThread "Unconstrained build operations Thread 64" [_thread_blocked, id=20212, stack(0x000000572b500000,0x000000572b600000)]
  0x0000025116eaa000 JavaThread "Unconstrained build operations Thread 65" [_thread_blocked, id=24488, stack(0x000000572b600000,0x000000572b700000)]
  0x0000025116eb1800 JavaThread "Unconstrained build operations Thread 66" [_thread_blocked, id=23468, stack(0x000000572b700000,0x000000572b800000)]
  0x0000025116eb5000 JavaThread "Unconstrained build operations Thread 67" [_thread_blocked, id=3536, stack(0x000000572b800000,0x000000572b900000)]
  0x0000025116eb5800 JavaThread "Unconstrained build operations Thread 68" [_thread_blocked, id=1348, stack(0x000000572b900000,0x000000572ba00000)]
  0x0000025116eb0800 JavaThread "Unconstrained build operations Thread 69" [_thread_blocked, id=15060, stack(0x000000572ba00000,0x000000572bb00000)]
  0x0000025116eb2800 JavaThread "Unconstrained build operations Thread 70" [_thread_blocked, id=15052, stack(0x000000572bb00000,0x000000572bc00000)]
  0x0000025116eb3000 JavaThread "Unconstrained build operations Thread 71" [_thread_blocked, id=23708, stack(0x000000572bc00000,0x000000572bd00000)]
  0x0000025116eb4000 JavaThread "Unconstrained build operations Thread 72" [_thread_blocked, id=20896, stack(0x000000572bd00000,0x000000572be00000)]
  0x0000025116d10000 JavaThread "Unconstrained build operations Thread 73" [_thread_blocked, id=22908, stack(0x000000572be00000,0x000000572bf00000)]
  0x0000025116d12800 JavaThread "Unconstrained build operations Thread 74" [_thread_blocked, id=1636, stack(0x000000572bf00000,0x000000572c000000)]
  0x0000025116d0c800 JavaThread "Unconstrained build operations Thread 75" [_thread_blocked, id=26068, stack(0x000000572c000000,0x000000572c100000)]
  0x0000025116d10800 JavaThread "Unconstrained build operations Thread 76" [_thread_blocked, id=21704, stack(0x000000572c100000,0x000000572c200000)]
  0x0000025116d0d800 JavaThread "Unconstrained build operations Thread 77" [_thread_blocked, id=18952, stack(0x000000572c200000,0x000000572c300000)]
  0x0000025116d0e000 JavaThread "Unconstrained build operations Thread 78" [_thread_blocked, id=14644, stack(0x000000572c300000,0x000000572c400000)]
  0x0000025116d11800 JavaThread "Unconstrained build operations Thread 79" [_thread_blocked, id=1136, stack(0x000000572c400000,0x000000572c500000)]
  0x0000025116d13000 JavaThread "Unconstrained build operations Thread 80" [_thread_blocked, id=6212, stack(0x000000572c500000,0x000000572c600000)]
  0x0000025116d14000 JavaThread "build event listener" [_thread_blocked, id=24920, stack(0x000000572c600000,0x000000572c700000)]
  0x0000025116d15800 JavaThread "included builds" [_thread_blocked, id=17208, stack(0x000000572c800000,0x000000572c900000)]
  0x0000025116d16800 JavaThread "Execution worker" [_thread_blocked, id=22116, stack(0x000000572c900000,0x000000572ca00000)]
  0x0000025116d17000 JavaThread "Execution worker Thread 2" [_thread_blocked, id=22100, stack(0x000000572cb00000,0x000000572cc00000)]
  0x0000025116d14800 JavaThread "Execution worker Thread 3" [_thread_blocked, id=18956, stack(0x000000572cc00000,0x000000572cd00000)]
  0x0000025116d18000 JavaThread "Execution worker Thread 4" [_thread_blocked, id=7720, stack(0x000000572cd00000,0x000000572ce00000)]
  0x0000025116d1b800 JavaThread "Execution worker Thread 5" [_thread_blocked, id=5008, stack(0x000000572ce00000,0x000000572cf00000)]
  0x0000025116d19000 JavaThread "Execution worker Thread 6" [_thread_blocked, id=1292, stack(0x000000572cf00000,0x000000572d000000)]
  0x0000025116d19800 JavaThread "Execution worker Thread 7" [_thread_blocked, id=9100, stack(0x000000572d000000,0x000000572d100000)]
  0x0000025116d1a800 JavaThread "Cache worker for execution history cache (C:\Users\MOHAMMAD ANZIL\Desktop\std\Hallticketrealll\.gradle\7.5\executionHistory)" [_thread_blocked, id=13940, stack(0x000000572d100000,0x000000572d200000)]
  0x00000251114e4000 JavaThread "pool-5-thread-1" [_thread_blocked, id=16948, stack(0x000000572c700000,0x000000572c800000)]
  0x00000251114e7000 JavaThread "stderr" [_thread_in_native, id=9620, stack(0x000000572d200000,0x000000572d300000)]
  0x00000251114ea800 JavaThread "stdout" [_thread_in_native, id=17692, stack(0x000000572d300000,0x000000572d400000)]
  0x00000251114e4800 JavaThread "WorkerExecutor Queue" [_thread_blocked, id=17296, stack(0x000000572d500000,0x000000572d600000)]
  0x0000025112660000 JavaThread "C2 CompilerThread1" daemon [_thread_blocked, id=25536, stack(0x000000572d400000,0x000000572d500000)]

Other Threads:
=>0x000002510f2d6000 VMThread "VM Thread" [stack: 0x0000005724600000,0x0000005724700000] [id=828]
  0x000002510fcd8000 WatcherThread [stack: 0x0000005725000000,0x0000005725100000] [id=24584]
  0x0000025174d51800 GCTaskThread "GC Thread#0" [stack: 0x0000005724100000,0x0000005724200000] [id=9864]
  0x0000025110be2800 GCTaskThread "GC Thread#1" [stack: 0x0000005725200000,0x0000005725300000] [id=16024]
  0x0000025110950000 GCTaskThread "GC Thread#2" [stack: 0x0000005725300000,0x0000005725400000] [id=20124]
  0x0000025111120800 GCTaskThread "GC Thread#3" [stack: 0x0000005725d00000,0x0000005725e00000] [id=5512]
  0x0000025111b72800 GCTaskThread "GC Thread#4" [stack: 0x0000005725e00000,0x0000005725f00000] [id=10152]
  0x0000025111c27800 GCTaskThread "GC Thread#5" [stack: 0x0000005725f00000,0x0000005726000000] [id=4028]
  0x0000025111c28000 GCTaskThread "GC Thread#6" [stack: 0x0000005726000000,0x0000005726100000] [id=24080]
  0x000002511105e000 GCTaskThread "GC Thread#7" [stack: 0x0000005726100000,0x0000005726200000] [id=22516]
  0x0000025174d83800 ConcurrentGCThread "G1 Main Marker" [stack: 0x0000005724200000,0x0000005724300000] [id=17200]
  0x0000025174d86000 ConcurrentGCThread "G1 Conc#0" [stack: 0x0000005724300000,0x0000005724400000] [id=12116]
  0x0000025112c60800 ConcurrentGCThread "G1 Conc#1" [stack: 0x0000005726400000,0x0000005726500000] [id=10112]
  0x000002510f126800 ConcurrentGCThread "G1 Refine#0" [stack: 0x0000005724400000,0x0000005724500000] [id=15628]
  0x000002510f129000 ConcurrentGCThread "G1 Young RemSet Sampling" [stack: 0x0000005724500000,0x0000005724600000] [id=12932]

Threads with active compile tasks:
C2 CompilerThread0   266278 16239       4       com.android.tools.r8.graph.x2::c (716 bytes)
C1 CompilerThread0   266278 16456       2       com.android.tools.r8.internal.RF::a (51 bytes)
C2 CompilerThread1   266278 16237       4       com.android.tools.r8.graph.x2::<init> (230 bytes)

VM state:at safepoint (normal execution)

VM Mutex/Monitor currently owned by a thread:  ([mutex/lock_event])
[0x0000025174d35f90] Threads_lock - owner thread: 0x000002510f2d6000
[0x0000025174d366e0] Heap_lock - owner thread: 0x0000025113a34000

Heap address: 0x0000000080000000, size: 2048 MB, Compressed Oops mode: 32-bit
Narrow klass base: 0x0000000000000000, Narrow klass shift: 3
Compressed class space size: 1073741824 Address: 0x0000000100000000

Heap:
 garbage-first heap   total 372736K, used 246558K [0x0000000080000000, 0x0000000100000000)
  region size 1024K, 2 young (2048K), 2 survivors (2048K)
 Metaspace       used 126594K, capacity 130479K, committed 130812K, reserved 1163264K
  class space    used 16261K, capacity 17756K, committed 17996K, reserved 1048576K
Heap Regions: E=young(eden), S=young(survivor), O=old, HS=humongous(starts), HC=humongous(continues), CS=collection set, F=free, A=archive, TAMS=top-at-mark-start (previous, next)
|   0|0x0000000080000000, 0x0000000080100000, 0x0000000080100000|100%| O|  |TAMS 0x0000000080100000, 0x0000000080100000| Untracked 
|   1|0x0000000080100000, 0x0000000080200000, 0x0000000080200000|100%| O|  |TAMS 0x0000000080200000, 0x0000000080200000| Untracked 
|   2|0x0000000080200000, 0x0000000080300000, 0x0000000080300000|100%| O|  |TAMS 0x0000000080300000, 0x0000000080300000| Untracked 
|   3|0x0000000080300000, 0x0000000080400000, 0x0000000080400000|100%|HS|  |TAMS 0x0000000080400000, 0x0000000080400000| Complete 
|   4|0x0000000080400000, 0x0000000080500000, 0x0000000080500000|100%|HC|  |TAMS 0x0000000080500000, 0x0000000080500000| Complete 
|   5|0x0000000080500000, 0x0000000080600000, 0x0000000080600000|100%|HC|  |TAMS 0x0000000080600000, 0x0000000080600000| Complete 
|   6|0x0000000080600000, 0x0000000080700000, 0x0000000080700000|100%| O|  |TAMS 0x0000000080700000, 0x0000000080700000| Untracked 
|   7|0x0000000080700000, 0x0000000080800000, 0x0000000080800000|100%| O|  |TAMS 0x0000000080800000, 0x0000000080800000| Untracked 
|   8|0x0000000080800000, 0x0000000080900000, 0x0000000080900000|100%| O|  |TAMS 0x0000000080900000, 0x0000000080900000| Untracked 
|   9|0x0000000080900000, 0x0000000080a00000, 0x0000000080a00000|100%| O|  |TAMS 0x0000000080a00000, 0x0000000080a00000| Untracked 
|  10|0x0000000080a00000, 0x0000000080b00000, 0x0000000080b00000|100%| O|  |TAMS 0x0000000080b00000, 0x0000000080b00000| Untracked 
|  11|0x0000000080b00000, 0x0000000080c00000, 0x0000000080c00000|100%| O|  |TAMS 0x0000000080c00000, 0x0000000080c00000| Untracked 
|  12|0x0000000080c00000, 0x0000000080d00000, 0x0000000080d00000|100%| O|  |TAMS 0x0000000080d00000, 0x0000000080d00000| Untracked 
|  13|0x0000000080d00000, 0x0000000080e00000, 0x0000000080e00000|100%| O|  |TAMS 0x0000000080e00000, 0x0000000080e00000| Untracked 
|  14|0x0000000080e00000, 0x0000000080f00000, 0x0000000080f00000|100%| O|  |TAMS 0x0000000080f00000, 0x0000000080f00000| Untracked 
|  15|0x0000000080f00000, 0x0000000081000000, 0x0000000081000000|100%| O|  |TAMS 0x0000000081000000, 0x0000000081000000| Untracked 
|  16|0x0000000081000000, 0x0000000081100000, 0x0000000081100000|100%|HS|  |TAMS 0x0000000081100000, 0x0000000081100000| Complete 
|  17|0x0000000081100000, 0x0000000081200000, 0x0000000081200000|100%|HC|  |TAMS 0x0000000081200000, 0x0000000081200000| Complete 
|  18|0x0000000081200000, 0x0000000081300000, 0x0000000081300000|100%|HS|  |TAMS 0x0000000081300000, 0x0000000081300000| Complete 
|  19|0x0000000081300000, 0x0000000081400000, 0x0000000081400000|100%|HC|  |TAMS 0x0000000081400000, 0x0000000081400000| Complete 
|  20|0x0000000081400000, 0x0000000081500000, 0x0000000081500000|100%|HC|  |TAMS 0x0000000081500000, 0x0000000081500000| Complete 
|  21|0x0000000081500000, 0x0000000081600000, 0x0000000081600000|100%|HS|  |TAMS 0x0000000081600000, 0x0000000081600000| Complete 
|  22|0x0000000081600000, 0x0000000081700000, 0x0000000081700000|100%|HC|  |TAMS 0x0000000081700000, 0x0000000081700000| Complete 
|  23|0x0000000081700000, 0x0000000081800000, 0x0000000081800000|100%|HC|  |TAMS 0x0000000081800000, 0x0000000081800000| Complete 
|  24|0x0000000081800000, 0x0000000081900000, 0x0000000081900000|100%|HS|  |TAMS 0x0000000081900000, 0x0000000081900000| Complete 
|  25|0x0000000081900000, 0x0000000081a00000, 0x0000000081a00000|100%|HC|  |TAMS 0x0000000081a00000, 0x0000000081a00000| Complete 
|  26|0x0000000081a00000, 0x0000000081b00000, 0x0000000081b00000|100%|HS|  |TAMS 0x0000000081b00000, 0x0000000081b00000| Complete 
|  27|0x0000000081b00000, 0x0000000081c00000, 0x0000000081c00000|100%|HC|  |TAMS 0x0000000081c00000, 0x0000000081c00000| Complete 
|  28|0x0000000081c00000, 0x0000000081d00000, 0x0000000081d00000|100%|HC|  |TAMS 0x0000000081d00000, 0x0000000081d00000| Complete 
|  29|0x0000000081d00000, 0x0000000081e00000, 0x0000000081e00000|100%|HC|  |TAMS 0x0000000081e00000, 0x0000000081e00000| Complete 
|  30|0x0000000081e00000, 0x0000000081f00000, 0x0000000081f00000|100%|HC|  |TAMS 0x0000000081f00000, 0x0000000081f00000| Complete 
|  31|0x0000000081f00000, 0x0000000082000000, 0x0000000082000000|100%|HC|  |TAMS 0x0000000082000000, 0x0000000082000000| Complete 
|  32|0x0000000082000000, 0x0000000082100000, 0x0000000082100000|100%|HC|  |TAMS 0x0000000082100000, 0x0000000082100000| Complete 
|  33|0x0000000082100000, 0x0000000082200000, 0x0000000082200000|100%|HC|  |TAMS 0x0000000082200000, 0x0000000082200000| Complete 
|  34|0x0000000082200000, 0x0000000082300000, 0x0000000082300000|100%|HC|  |TAMS 0x0000000082300000, 0x0000000082300000| Complete 
|  35|0x0000000082300000, 0x0000000082400000, 0x0000000082400000|100%|HC|  |TAMS 0x0000000082400000, 0x0000000082400000| Complete 
|  36|0x0000000082400000, 0x0000000082500000, 0x0000000082500000|100%|HS|  |TAMS 0x0000000082500000, 0x0000000082500000| Complete 
|  37|0x0000000082500000, 0x0000000082600000, 0x0000000082600000|100%|HC|  |TAMS 0x0000000082600000, 0x0000000082600000| Complete 
|  38|0x0000000082600000, 0x0000000082700000, 0x0000000082700000|100%|HS|  |TAMS 0x0000000082700000, 0x0000000082700000| Complete 
|  39|0x0000000082700000, 0x0000000082800000, 0x0000000082800000|100%|HC|  |TAMS 0x0000000082800000, 0x0000000082800000| Complete 
|  40|0x0000000082800000, 0x0000000082900000, 0x0000000082900000|100%|HC|  |TAMS 0x0000000082900000, 0x0000000082900000| Complete 
|  41|0x0000000082900000, 0x0000000082a00000, 0x0000000082a00000|100%|HC|  |TAMS 0x0000000082a00000, 0x0000000082a00000| Complete 
|  42|0x0000000082a00000, 0x0000000082b00000, 0x0000000082b00000|100%|HC|  |TAMS 0x0000000082b00000, 0x0000000082b00000| Complete 
|  43|0x0000000082b00000, 0x0000000082c00000, 0x0000000082c00000|100%| O|  |TAMS 0x0000000082c00000, 0x0000000082c00000| Untracked 
|  44|0x0000000082c00000, 0x0000000082d00000, 0x0000000082d00000|100%| O|  |TAMS 0x0000000082d00000, 0x0000000082d00000| Untracked 
|  45|0x0000000082d00000, 0x0000000082e00000, 0x0000000082e00000|100%| O|  |TAMS 0x0000000082e00000, 0x0000000082e00000| Untracked 
|  46|0x0000000082e00000, 0x0000000082f00000, 0x0000000082f00000|100%| O|  |TAMS 0x0000000082f00000, 0x0000000082f00000| Untracked 
|  47|0x0000000082f00000, 0x0000000083000000, 0x0000000083000000|100%| O|  |TAMS 0x0000000083000000, 0x0000000083000000| Untracked 
|  48|0x0000000083000000, 0x0000000083100000, 0x0000000083100000|100%| O|  |TAMS 0x0000000083100000, 0x0000000083100000| Untracked 
|  49|0x0000000083100000, 0x0000000083200000, 0x0000000083200000|100%| O|  |TAMS 0x0000000083200000, 0x0000000083200000| Untracked 
|  50|0x0000000083200000, 0x0000000083300000, 0x0000000083300000|100%| O|  |TAMS 0x0000000083300000, 0x0000000083300000| Untracked 
|  51|0x0000000083300000, 0x0000000083400000, 0x0000000083400000|100%| O|  |TAMS 0x0000000083400000, 0x0000000083400000| Untracked 
|  52|0x0000000083400000, 0x0000000083500000, 0x0000000083500000|100%| O|  |TAMS 0x0000000083500000, 0x0000000083500000| Untracked 
|  53|0x0000000083500000, 0x0000000083600000, 0x0000000083600000|100%|HS|  |TAMS 0x0000000083600000, 0x0000000083600000| Complete 
|  54|0x0000000083600000, 0x0000000083700000, 0x0000000083700000|100%|HC|  |TAMS 0x0000000083700000, 0x0000000083700000| Complete 
|  55|0x0000000083700000, 0x0000000083800000, 0x0000000083800000|100%| O|  |TAMS 0x0000000083800000, 0x0000000083800000| Untracked 
|  56|0x0000000083800000, 0x0000000083900000, 0x0000000083900000|100%| O|  |TAMS 0x0000000083900000, 0x0000000083900000| Untracked 
|  57|0x0000000083900000, 0x0000000083a00000, 0x0000000083a00000|100%| O|  |TAMS 0x0000000083a00000, 0x0000000083a00000| Untracked 
|  58|0x0000000083a00000, 0x0000000083b00000, 0x0000000083b00000|100%| O|  |TAMS 0x0000000083b00000, 0x0000000083b00000| Untracked 
|  59|0x0000000083b00000, 0x0000000083c00000, 0x0000000083c00000|100%| O|  |TAMS 0x0000000083c00000, 0x0000000083c00000| Untracked 
|  60|0x0000000083c00000, 0x0000000083d00000, 0x0000000083d00000|100%| O|  |TAMS 0x0000000083d00000, 0x0000000083d00000| Untracked 
|  61|0x0000000083d00000, 0x0000000083e00000, 0x0000000083e00000|100%|HS|  |TAMS 0x0000000083e00000, 0x0000000083e00000| Complete 
|  62|0x0000000083e00000, 0x0000000083f00000, 0x0000000083f00000|100%|HC|  |TAMS 0x0000000083f00000, 0x0000000083f00000| Complete 
|  63|0x0000000083f00000, 0x0000000084000000, 0x0000000084000000|100%|HC|  |TAMS 0x0000000084000000, 0x0000000084000000| Complete 
|  64|0x0000000084000000, 0x0000000084100000, 0x0000000084100000|100%|HC|  |TAMS 0x0000000084100000, 0x0000000084100000| Complete 
|  65|0x0000000084100000, 0x0000000084200000, 0x0000000084200000|100%|HC|  |TAMS 0x0000000084200000, 0x0000000084200000| Complete 
|  66|0x0000000084200000, 0x0000000084300000, 0x0000000084300000|100%|HC|  |TAMS 0x0000000084300000, 0x0000000084300000| Complete 
|  67|0x0000000084300000, 0x0000000084400000, 0x0000000084400000|100%|HC|  |TAMS 0x0000000084400000, 0x0000000084400000| Complete 
|  68|0x0000000084400000, 0x0000000084500000, 0x0000000084500000|100%|HC|  |TAMS 0x0000000084500000, 0x0000000084500000| Complete 
|  69|0x0000000084500000, 0x0000000084600000, 0x0000000084600000|100%|HC|  |TAMS 0x0000000084600000, 0x0000000084600000| Complete 
|  70|0x0000000084600000, 0x0000000084700000, 0x0000000084700000|100%|HC|  |TAMS 0x0000000084700000, 0x0000000084700000| Complete 
|  71|0x0000000084700000, 0x0000000084800000, 0x0000000084800000|100%| O|  |TAMS 0x0000000084800000, 0x0000000084800000| Untracked 
|  72|0x0000000084800000, 0x0000000084900000, 0x0000000084900000|100%|HS|  |TAMS 0x0000000084900000, 0x0000000084900000| Complete 
|  73|0x0000000084900000, 0x0000000084a00000, 0x0000000084a00000|100%|HC|  |TAMS 0x0000000084a00000, 0x0000000084a00000| Complete 
|  74|0x0000000084a00000, 0x0000000084b00000, 0x0000000084b00000|100%|HC|  |TAMS 0x0000000084b00000, 0x0000000084b00000| Complete 
|  75|0x0000000084b00000, 0x0000000084c00000, 0x0000000084c00000|100%|HS|  |TAMS 0x0000000084c00000, 0x0000000084c00000| Complete 
|  76|0x0000000084c00000, 0x0000000084d00000, 0x0000000084d00000|100%|HC|  |TAMS 0x0000000084d00000, 0x0000000084d00000| Complete 
|  77|0x0000000084d00000, 0x0000000084e00000, 0x0000000084e00000|100%|HS|  |TAMS 0x0000000084e00000, 0x0000000084e00000| Complete 
|  78|0x0000000084e00000, 0x0000000084f00000, 0x0000000084f00000|100%|HC|  |TAMS 0x0000000084f00000, 0x0000000084f00000| Complete 
|  79|0x0000000084f00000, 0x0000000085000000, 0x0000000085000000|100%|HC|  |TAMS 0x0000000085000000, 0x0000000085000000| Complete 
|  80|0x0000000085000000, 0x0000000085100000, 0x0000000085100000|100%| O|  |TAMS 0x0000000085100000, 0x0000000085100000| Untracked 
|  81|0x0000000085100000, 0x0000000085200000, 0x0000000085200000|100%| O|  |TAMS 0x0000000085200000, 0x0000000085200000| Untracked 
|  82|0x0000000085200000, 0x0000000085300000, 0x0000000085300000|100%| O|  |TAMS 0x0000000085300000, 0x0000000085300000| Untracked 
|  83|0x0000000085300000, 0x0000000085400000, 0x0000000085400000|100%| O|  |TAMS 0x0000000085400000, 0x0000000085400000| Untracked 
|  84|0x0000000085400000, 0x0000000085500000, 0x0000000085500000|100%| O|  |TAMS 0x0000000085500000, 0x0000000085500000| Untracked 
|  85|0x0000000085500000, 0x0000000085600000, 0x0000000085600000|100%| O|  |TAMS 0x0000000085600000, 0x0000000085600000| Untracked 
|  86|0x0000000085600000, 0x0000000085700000, 0x0000000085700000|100%|HS|  |TAMS 0x0000000085700000, 0x0000000085700000| Complete 
|  87|0x0000000085700000, 0x0000000085800000, 0x0000000085800000|100%|HC|  |TAMS 0x0000000085800000, 0x0000000085800000| Complete 
|  88|0x0000000085800000, 0x0000000085900000, 0x0000000085900000|100%|HC|  |TAMS 0x0000000085900000, 0x0000000085900000| Complete 
|  89|0x0000000085900000, 0x0000000085a00000, 0x0000000085a00000|100%|HC|  |TAMS 0x0000000085a00000, 0x0000000085a00000| Complete 
|  90|0x0000000085a00000, 0x0000000085b00000, 0x0000000085b00000|100%|HC|  |TAMS 0x0000000085b00000, 0x0000000085b00000| Complete 
|  91|0x0000000085b00000, 0x0000000085c00000, 0x0000000085c00000|100%| O|  |TAMS 0x0000000085c00000, 0x0000000085c00000| Untracked 
|  92|0x0000000085c00000, 0x0000000085d00000, 0x0000000085d00000|100%| O|  |TAMS 0x0000000085d00000, 0x0000000085d00000| Untracked 
|  93|0x0000000085d00000, 0x0000000085e00000, 0x0000000085e00000|100%| O|  |TAMS 0x0000000085e00000, 0x0000000085e00000| Untracked 
|  94|0x0000000085e00000, 0x0000000085f00000, 0x0000000085f00000|100%| O|  |TAMS 0x0000000085f00000, 0x0000000085f00000| Untracked 
|  95|0x0000000085f00000, 0x0000000086000000, 0x0000000086000000|100%| O|  |TAMS 0x0000000086000000, 0x0000000086000000| Untracked 
|  96|0x0000000086000000, 0x0000000086100000, 0x0000000086100000|100%| O|  |TAMS 0x0000000086100000, 0x0000000086100000| Untracked 
|  97|0x0000000086100000, 0x0000000086200000, 0x0000000086200000|100%| O|  |TAMS 0x0000000086200000, 0x0000000086200000| Untracked 
|  98|0x0000000086200000, 0x0000000086300000, 0x0000000086300000|100%| O|  |TAMS 0x0000000086300000, 0x0000000086300000| Untracked 
|  99|0x0000000086300000, 0x0000000086400000, 0x0000000086400000|100%|HS|  |TAMS 0x0000000086400000, 0x0000000086400000| Complete 
| 100|0x0000000086400000, 0x0000000086500000, 0x0000000086500000|100%|HS|  |TAMS 0x0000000086500000, 0x0000000086500000| Complete 
| 101|0x0000000086500000, 0x000000008656ba00, 0x0000000086600000| 42%| O|  |TAMS 0x0000000086500000, 0x000000008656ba00| Untracked 
| 102|0x0000000086600000, 0x0000000086700000, 0x0000000086700000|100%| O|  |TAMS 0x0000000086700000, 0x0000000086700000| Untracked 
| 103|0x0000000086700000, 0x0000000086800000, 0x0000000086800000|100%| O|  |TAMS 0x0000000086800000, 0x0000000086800000| Untracked 
| 104|0x0000000086800000, 0x0000000086900000, 0x0000000086900000|100%| O|  |TAMS 0x0000000086900000, 0x0000000086900000| Untracked 
| 105|0x0000000086900000, 0x0000000086a00000, 0x0000000086a00000|100%| O|  |TAMS 0x0000000086a00000, 0x0000000086a00000| Untracked 
| 106|0x0000000086a00000, 0x0000000086b00000, 0x0000000086b00000|100%| O|  |TAMS 0x0000000086b00000, 0x0000000086b00000| Untracked 
| 107|0x0000000086b00000, 0x0000000086c00000, 0x0000000086c00000|100%| O|  |TAMS 0x0000000086c00000, 0x0000000086c00000| Untracked 
| 108|0x0000000086c00000, 0x0000000086d00000, 0x0000000086d00000|100%| O|  |TAMS 0x0000000086d00000, 0x0000000086d00000| Untracked 
| 109|0x0000000086d00000, 0x0000000086e00000, 0x0000000086e00000|100%| O|  |TAMS 0x0000000086e00000, 0x0000000086e00000| Untracked 
| 110|0x0000000086e00000, 0x0000000086f00000, 0x0000000086f00000|100%| O|  |TAMS 0x0000000086f00000, 0x0000000086f00000| Untracked 
| 111|0x0000000086f00000, 0x0000000087000000, 0x0000000087000000|100%| O|  |TAMS 0x0000000087000000, 0x0000000087000000| Untracked 
| 112|0x0000000087000000, 0x0000000087100000, 0x0000000087100000|100%| O|  |TAMS 0x0000000087100000, 0x0000000087100000| Untracked 
| 113|0x0000000087100000, 0x0000000087200000, 0x0000000087200000|100%| O|  |TAMS 0x0000000087200000, 0x0000000087200000| Untracked 
| 114|0x0000000087200000, 0x0000000087300000, 0x0000000087300000|100%| O|  |TAMS 0x0000000087300000, 0x0000000087300000| Untracked 
| 115|0x0000000087300000, 0x0000000087400000, 0x0000000087400000|100%| O|  |TAMS 0x0000000087400000, 0x0000000087400000| Untracked 
| 116|0x0000000087400000, 0x0000000087500000, 0x0000000087500000|100%| O|  |TAMS 0x0000000087500000, 0x0000000087500000| Untracked 
| 117|0x0000000087500000, 0x0000000087500000, 0x0000000087600000|  0%| F|  |TAMS 0x0000000087500000, 0x0000000087500000| Untracked 
| 118|0x0000000087600000, 0x0000000087700000, 0x0000000087700000|100%| O|  |TAMS 0x0000000087700000, 0x0000000087700000| Untracked 
| 119|0x0000000087700000, 0x0000000087800000, 0x0000000087800000|100%| O|  |TAMS 0x0000000087710a00, 0x0000000087800000| Untracked 
| 120|0x0000000087800000, 0x0000000087900000, 0x0000000087900000|100%| O|  |TAMS 0x0000000087900000, 0x0000000087900000| Untracked 
| 121|0x0000000087900000, 0x0000000087a00000, 0x0000000087a00000|100%|HS|  |TAMS 0x0000000087a00000, 0x0000000087a00000| Complete 
| 122|0x0000000087a00000, 0x0000000087b00000, 0x0000000087b00000|100%|HC|  |TAMS 0x0000000087b00000, 0x0000000087b00000| Complete 
| 123|0x0000000087b00000, 0x0000000087c00000, 0x0000000087c00000|100%|HS|  |TAMS 0x0000000087c00000, 0x0000000087c00000| Complete 
| 124|0x0000000087c00000, 0x0000000087d00000, 0x0000000087d00000|100%|HC|  |TAMS 0x0000000087d00000, 0x0000000087d00000| Complete 
| 125|0x0000000087d00000, 0x0000000087e00000, 0x0000000087e00000|100%|HC|  |TAMS 0x0000000087e00000, 0x0000000087e00000| Complete 
| 126|0x0000000087e00000, 0x0000000087f00000, 0x0000000087f00000|100%|HS|  |TAMS 0x0000000087f00000, 0x0000000087f00000| Complete 
| 127|0x0000000087f00000, 0x0000000088000000, 0x0000000088000000|100%|HC|  |TAMS 0x0000000088000000, 0x0000000088000000| Complete 
| 128|0x0000000088000000, 0x0000000088100000, 0x0000000088100000|100%|HC|  |TAMS 0x0000000088100000, 0x0000000088100000| Complete 
| 129|0x0000000088100000, 0x0000000088200000, 0x0000000088200000|100%|HS|  |TAMS 0x0000000088200000, 0x0000000088200000| Complete 
| 130|0x0000000088200000, 0x0000000088300000, 0x0000000088300000|100%|HC|  |TAMS 0x0000000088300000, 0x0000000088300000| Complete 
| 131|0x0000000088300000, 0x0000000088400000, 0x0000000088400000|100%| O|  |TAMS 0x0000000088400000, 0x0000000088400000| Untracked 
| 132|0x0000000088400000, 0x0000000088500000, 0x0000000088500000|100%| O|  |TAMS 0x0000000088500000, 0x0000000088500000| Untracked 
| 133|0x0000000088500000, 0x0000000088600000, 0x0000000088600000|100%|HS|  |TAMS 0x0000000088600000, 0x0000000088600000| Complete 
| 134|0x0000000088600000, 0x0000000088700000, 0x0000000088700000|100%|HC|  |TAMS 0x0000000088700000, 0x0000000088700000| Complete 
| 135|0x0000000088700000, 0x0000000088800000, 0x0000000088800000|100%|HC|  |TAMS 0x0000000088800000, 0x0000000088800000| Complete 
| 136|0x0000000088800000, 0x0000000088900000, 0x0000000088900000|100%|HC|  |TAMS 0x0000000088900000, 0x0000000088900000| Complete 
| 137|0x0000000088900000, 0x0000000088a00000, 0x0000000088a00000|100%|HC|  |TAMS 0x0000000088a00000, 0x0000000088a00000| Complete 
| 138|0x0000000088a00000, 0x0000000088b00000, 0x0000000088b00000|100%|HC|  |TAMS 0x0000000088b00000, 0x0000000088b00000| Complete 
| 139|0x0000000088b00000, 0x0000000088c00000, 0x0000000088c00000|100%|HC|  |TAMS 0x0000000088c00000, 0x0000000088c00000| Complete 
| 140|0x0000000088c00000, 0x0000000088d00000, 0x0000000088d00000|100%|HC|  |TAMS 0x0000000088d00000, 0x0000000088d00000| Complete 
| 141|0x0000000088d00000, 0x0000000088e00000, 0x0000000088e00000|100%|HC|  |TAMS 0x0000000088e00000, 0x0000000088e00000| Complete 
| 142|0x0000000088e00000, 0x0000000088f00000, 0x0000000088f00000|100%|HC|  |TAMS 0x0000000088f00000, 0x0000000088f00000| Complete 
| 143|0x0000000088f00000, 0x0000000089000000, 0x0000000089000000|100%|HS|  |TAMS 0x0000000089000000, 0x0000000089000000| Complete 
| 144|0x0000000089000000, 0x0000000089100000, 0x0000000089100000|100%|HC|  |TAMS 0x0000000089100000, 0x0000000089100000| Complete 
| 145|0x0000000089100000, 0x0000000089200000, 0x0000000089200000|100%|HS|  |TAMS 0x0000000089200000, 0x0000000089200000| Complete 
| 146|0x0000000089200000, 0x0000000089300000, 0x0000000089300000|100%|HC|  |TAMS 0x0000000089300000, 0x0000000089300000| Complete 
| 147|0x0000000089300000, 0x0000000089400000, 0x0000000089400000|100%|HC|  |TAMS 0x0000000089400000, 0x0000000089400000| Complete 
| 148|0x0000000089400000, 0x0000000089500000, 0x0000000089500000|100%|HC|  |TAMS 0x0000000089500000, 0x0000000089500000| Complete 
| 149|0x0000000089500000, 0x0000000089600000, 0x0000000089600000|100%|HC|  |TAMS 0x0000000089600000, 0x0000000089600000| Complete 
| 150|0x0000000089600000, 0x0000000089700000, 0x0000000089700000|100%| O|  |TAMS 0x0000000089700000, 0x0000000089700000| Untracked 
| 151|0x0000000089700000, 0x0000000089800000, 0x0000000089800000|100%| O|  |TAMS 0x0000000089800000, 0x0000000089800000| Untracked 
| 152|0x0000000089800000, 0x0000000089900000, 0x0000000089900000|100%| O|  |TAMS 0x0000000089900000, 0x0000000089900000| Untracked 
| 153|0x0000000089900000, 0x0000000089a00000, 0x0000000089a00000|100%| O|  |TAMS 0x0000000089a00000, 0x0000000089a00000| Untracked 
| 154|0x0000000089a00000, 0x0000000089b00000, 0x0000000089b00000|100%| O|  |TAMS 0x0000000089b00000, 0x0000000089b00000| Untracked 
| 155|0x0000000089b00000, 0x0000000089c00000, 0x0000000089c00000|100%| O|  |TAMS 0x0000000089c00000, 0x0000000089c00000| Untracked 
| 156|0x0000000089c00000, 0x0000000089d00000, 0x0000000089d00000|100%| O|  |TAMS 0x0000000089d00000, 0x0000000089d00000| Untracked 
| 157|0x0000000089d00000, 0x0000000089e00000, 0x0000000089e00000|100%| O|  |TAMS 0x0000000089e00000, 0x0000000089e00000| Untracked 
| 158|0x0000000089e00000, 0x0000000089f00000, 0x0000000089f00000|100%| O|  |TAMS 0x0000000089f00000, 0x0000000089f00000| Untracked 
| 159|0x0000000089f00000, 0x000000008a000000, 0x000000008a000000|100%| O|  |TAMS 0x000000008a000000, 0x000000008a000000| Untracked 
| 160|0x000000008a000000, 0x000000008a100000, 0x000000008a100000|100%| O|  |TAMS 0x000000008a100000, 0x000000008a100000| Untracked 
| 161|0x000000008a100000, 0x000000008a200000, 0x000000008a200000|100%| O|  |TAMS 0x000000008a200000, 0x000000008a200000| Untracked 
| 162|0x000000008a200000, 0x000000008a300000, 0x000000008a300000|100%| O|  |TAMS 0x000000008a300000, 0x000000008a300000| Untracked 
| 163|0x000000008a300000, 0x000000008a400000, 0x000000008a400000|100%| O|  |TAMS 0x000000008a400000, 0x000000008a400000| Untracked 
| 164|0x000000008a400000, 0x000000008a500000, 0x000000008a500000|100%| O|  |TAMS 0x000000008a500000, 0x000000008a500000| Untracked 
| 165|0x000000008a500000, 0x000000008a600000, 0x000000008a600000|100%| O|  |TAMS 0x000000008a600000, 0x000000008a600000| Untracked 
| 166|0x000000008a600000, 0x000000008a700000, 0x000000008a700000|100%| O|  |TAMS 0x000000008a700000, 0x000000008a700000| Untracked 
| 167|0x000000008a700000, 0x000000008a800000, 0x000000008a800000|100%| O|  |TAMS 0x000000008a800000, 0x000000008a800000| Untracked 
| 168|0x000000008a800000, 0x000000008a900000, 0x000000008a900000|100%| O|  |TAMS 0x000000008a900000, 0x000000008a900000| Untracked 
| 169|0x000000008a900000, 0x000000008aa00000, 0x000000008aa00000|100%| O|  |TAMS 0x000000008aa00000, 0x000000008aa00000| Untracked 
| 170|0x000000008aa00000, 0x000000008ab00000, 0x000000008ab00000|100%| O|  |TAMS 0x000000008ab00000, 0x000000008ab00000| Untracked 
| 171|0x000000008ab00000, 0x000000008ac00000, 0x000000008ac00000|100%| O|  |TAMS 0x000000008ac00000, 0x000000008ac00000| Untracked 
| 172|0x000000008ac00000, 0x000000008ad00000, 0x000000008ad00000|100%| O|  |TAMS 0x000000008ad00000, 0x000000008ad00000| Untracked 
| 173|0x000000008ad00000, 0x000000008ae00000, 0x000000008ae00000|100%| O|  |TAMS 0x000000008ae00000, 0x000000008ae00000| Untracked 
| 174|0x000000008ae00000, 0x000000008af00000, 0x000000008af00000|100%| O|  |TAMS 0x000000008af00000, 0x000000008af00000| Untracked 
| 175|0x000000008af00000, 0x000000008b000000, 0x000000008b000000|100%| O|  |TAMS 0x000000008b000000, 0x000000008b000000| Untracked 
| 176|0x000000008b000000, 0x000000008b100000, 0x000000008b100000|100%| O|  |TAMS 0x000000008b100000, 0x000000008b100000| Untracked 
| 177|0x000000008b100000, 0x000000008b200000, 0x000000008b200000|100%| O|  |TAMS 0x000000008b200000, 0x000000008b200000| Untracked 
| 178|0x000000008b200000, 0x000000008b300000, 0x000000008b300000|100%| O|  |TAMS 0x000000008b300000, 0x000000008b300000| Untracked 
| 179|0x000000008b300000, 0x000000008b400000, 0x000000008b400000|100%| O|  |TAMS 0x000000008b400000, 0x000000008b400000| Untracked 
| 180|0x000000008b400000, 0x000000008b500000, 0x000000008b500000|100%| O|  |TAMS 0x000000008b500000, 0x000000008b500000| Untracked 
| 181|0x000000008b500000, 0x000000008b600000, 0x000000008b600000|100%| O|  |TAMS 0x000000008b600000, 0x000000008b600000| Untracked 
| 182|0x000000008b600000, 0x000000008b700000, 0x000000008b700000|100%| O|  |TAMS 0x000000008b700000, 0x000000008b700000| Untracked 
| 183|0x000000008b700000, 0x000000008b800000, 0x000000008b800000|100%| O|  |TAMS 0x000000008b800000, 0x000000008b800000| Untracked 
| 184|0x000000008b800000, 0x000000008b900000, 0x000000008b900000|100%| O|  |TAMS 0x000000008b900000, 0x000000008b900000| Untracked 
| 185|0x000000008b900000, 0x000000008ba00000, 0x000000008ba00000|100%| O|  |TAMS 0x000000008ba00000, 0x000000008ba00000| Untracked 
| 186|0x000000008ba00000, 0x000000008bb00000, 0x000000008bb00000|100%| O|  |TAMS 0x000000008bb00000, 0x000000008bb00000| Untracked 
| 187|0x000000008bb00000, 0x000000008bc00000, 0x000000008bc00000|100%| O|  |TAMS 0x000000008bc00000, 0x000000008bc00000| Untracked 
| 188|0x000000008bc00000, 0x000000008bd00000, 0x000000008bd00000|100%| O|  |TAMS 0x000000008bd00000, 0x000000008bd00000| Untracked 
| 189|0x000000008bd00000, 0x000000008be00000, 0x000000008be00000|100%| O|  |TAMS 0x000000008be00000, 0x000000008be00000| Untracked 
| 190|0x000000008be00000, 0x000000008bf00000, 0x000000008bf00000|100%| O|  |TAMS 0x000000008bf00000, 0x000000008bf00000| Untracked 
| 191|0x000000008bf00000, 0x000000008c000000, 0x000000008c000000|100%| O|  |TAMS 0x000000008c000000, 0x000000008c000000| Untracked 
| 192|0x000000008c000000, 0x000000008c100000, 0x000000008c100000|100%| O|  |TAMS 0x000000008c100000, 0x000000008c100000| Untracked 
| 193|0x000000008c100000, 0x000000008c200000, 0x000000008c200000|100%|HS|  |TAMS 0x000000008c200000, 0x000000008c200000| Complete 
| 194|0x000000008c200000, 0x000000008c300000, 0x000000008c300000|100%|HC|  |TAMS 0x000000008c300000, 0x000000008c300000| Complete 
| 195|0x000000008c300000, 0x000000008c400000, 0x000000008c400000|100%| O|  |TAMS 0x000000008c400000, 0x000000008c400000| Untracked 
| 196|0x000000008c400000, 0x000000008c500000, 0x000000008c500000|100%| O|  |TAMS 0x000000008c500000, 0x000000008c500000| Untracked 
| 197|0x000000008c500000, 0x000000008c600000, 0x000000008c600000|100%| O|  |TAMS 0x000000008c600000, 0x000000008c600000| Untracked 
| 198|0x000000008c600000, 0x000000008c700000, 0x000000008c700000|100%| O|  |TAMS 0x000000008c700000, 0x000000008c700000| Untracked 
| 199|0x000000008c700000, 0x000000008c800000, 0x000000008c800000|100%| O|  |TAMS 0x000000008c800000, 0x000000008c800000| Untracked 
| 200|0x000000008c800000, 0x000000008c900000, 0x000000008c900000|100%| O|  |TAMS 0x000000008c900000, 0x000000008c900000| Untracked 
| 201|0x000000008c900000, 0x000000008ca00000, 0x000000008ca00000|100%| O|  |TAMS 0x000000008ca00000, 0x000000008ca00000| Untracked 
| 202|0x000000008ca00000, 0x000000008cb00000, 0x000000008cb00000|100%| O|  |TAMS 0x000000008cb00000, 0x000000008cb00000| Untracked 
| 203|0x000000008cb00000, 0x000000008cc00000, 0x000000008cc00000|100%| O|  |TAMS 0x000000008cc00000, 0x000000008cc00000| Untracked 
| 204|0x000000008cc00000, 0x000000008cd00000, 0x000000008cd00000|100%| O|  |TAMS 0x000000008cd00000, 0x000000008cd00000| Untracked 
| 205|0x000000008cd00000, 0x000000008ce00000, 0x000000008ce00000|100%| O|  |TAMS 0x000000008ce00000, 0x000000008ce00000| Untracked 
| 206|0x000000008ce00000, 0x000000008cf00000, 0x000000008cf00000|100%| O|  |TAMS 0x000000008cf00000, 0x000000008cf00000| Untracked 
| 207|0x000000008cf00000, 0x000000008d000000, 0x000000008d000000|100%| O|  |TAMS 0x000000008d000000, 0x000000008d000000| Untracked 
| 208|0x000000008d000000, 0x000000008d100000, 0x000000008d100000|100%| O|  |TAMS 0x000000008d100000, 0x000000008d100000| Untracked 
| 209|0x000000008d100000, 0x000000008d200000, 0x000000008d200000|100%| O|  |TAMS 0x000000008d200000, 0x000000008d200000| Untracked 
| 210|0x000000008d200000, 0x000000008d300000, 0x000000008d300000|100%| O|  |TAMS 0x000000008d300000, 0x000000008d300000| Untracked 
| 211|0x000000008d300000, 0x000000008d400000, 0x000000008d400000|100%| O|  |TAMS 0x000000008d400000, 0x000000008d400000| Untracked 
| 212|0x000000008d400000, 0x000000008d500000, 0x000000008d500000|100%| O|  |TAMS 0x000000008d500000, 0x000000008d500000| Untracked 
| 213|0x000000008d500000, 0x000000008d600000, 0x000000008d600000|100%| O|  |TAMS 0x000000008d600000, 0x000000008d600000| Untracked 
| 214|0x000000008d600000, 0x000000008d700000, 0x000000008d700000|100%| O|  |TAMS 0x000000008d700000, 0x000000008d700000| Untracked 
| 215|0x000000008d700000, 0x000000008d800000, 0x000000008d800000|100%| O|  |TAMS 0x000000008d800000, 0x000000008d800000| Untracked 
| 216|0x000000008d800000, 0x000000008d900000, 0x000000008d900000|100%| O|  |TAMS 0x000000008d900000, 0x000000008d900000| Untracked 
| 217|0x000000008d900000, 0x000000008da00000, 0x000000008da00000|100%| O|  |TAMS 0x000000008da00000, 0x000000008da00000| Untracked 
| 218|0x000000008da00000, 0x000000008db00000, 0x000000008db00000|100%| O|  |TAMS 0x000000008db00000, 0x000000008db00000| Untracked 
| 219|0x000000008db00000, 0x000000008dc00000, 0x000000008dc00000|100%| O|  |TAMS 0x000000008dc00000, 0x000000008dc00000| Untracked 
| 220|0x000000008dc00000, 0x000000008dd00000, 0x000000008dd00000|100%| O|  |TAMS 0x000000008dd00000, 0x000000008dd00000| Untracked 
| 221|0x000000008dd00000, 0x000000008de00000, 0x000000008de00000|100%| O|  |TAMS 0x000000008de00000, 0x000000008de00000| Untracked 
| 222|0x000000008de00000, 0x000000008df00000, 0x000000008df00000|100%| O|  |TAMS 0x000000008df00000, 0x000000008df00000| Untracked 
| 223|0x000000008df00000, 0x000000008e000000, 0x000000008e000000|100%| O|  |TAMS 0x000000008e000000, 0x000000008e000000| Untracked 
| 224|0x000000008e000000, 0x000000008e100000, 0x000000008e100000|100%| O|  |TAMS 0x000000008e100000, 0x000000008e100000| Untracked 
| 225|0x000000008e100000, 0x000000008e200000, 0x000000008e200000|100%| O|  |TAMS 0x000000008e200000, 0x000000008e200000| Untracked 
| 226|0x000000008e200000, 0x000000008e300000, 0x000000008e300000|100%| O|  |TAMS 0x000000008e300000, 0x000000008e300000| Untracked 
| 227|0x000000008e300000, 0x000000008e400000, 0x000000008e400000|100%| O|  |TAMS 0x000000008e400000, 0x000000008e400000| Untracked 
| 228|0x000000008e400000, 0x000000008e500000, 0x000000008e500000|100%| O|  |TAMS 0x000000008e500000, 0x000000008e500000| Untracked 
| 229|0x000000008e500000, 0x000000008e600000, 0x000000008e600000|100%| O|  |TAMS 0x000000008e600000, 0x000000008e600000| Untracked 
| 230|0x000000008e600000, 0x000000008e700000, 0x000000008e700000|100%| O|  |TAMS 0x000000008e700000, 0x000000008e700000| Untracked 
| 231|0x000000008e700000, 0x000000008e800000, 0x000000008e800000|100%| O|  |TAMS 0x000000008e800000, 0x000000008e800000| Untracked 
| 232|0x000000008e800000, 0x000000008e900000, 0x000000008e900000|100%| O|  |TAMS 0x000000008e900000, 0x000000008e900000| Untracked 
| 233|0x000000008e900000, 0x000000008ea00000, 0x000000008ea00000|100%| O|  |TAMS 0x000000008ea00000, 0x000000008ea00000| Untracked 
| 234|0x000000008ea00000, 0x000000008eb00000, 0x000000008eb00000|100%| O|  |TAMS 0x000000008eb00000, 0x000000008eb00000| Untracked 
| 235|0x000000008eb00000, 0x000000008ec00000, 0x000000008ec00000|100%| O|  |TAMS 0x000000008ec00000, 0x000000008ec00000| Untracked 
| 236|0x000000008ec00000, 0x000000008ed00000, 0x000000008ed00000|100%| O|  |TAMS 0x000000008ed00000, 0x000000008ed00000| Untracked 
| 237|0x000000008ed00000, 0x000000008ee00000, 0x000000008ee00000|100%| O|  |TAMS 0x000000008ed00000, 0x000000008ee00000| Untracked 
| 238|0x000000008ee00000, 0x000000008ef00000, 0x000000008ef00000|100%| O|  |TAMS 0x000000008ee00000, 0x000000008ef00000| Untracked 
| 239|0x000000008ef00000, 0x000000008f000000, 0x000000008f000000|100%| O|  |TAMS 0x000000008ef00000, 0x000000008f000000| Untracked 
| 240|0x000000008f000000, 0x000000008f100000, 0x000000008f100000|100%| O|  |TAMS 0x000000008f000000, 0x000000008f100000| Untracked 
| 241|0x000000008f100000, 0x000000008f100000, 0x000000008f200000|  0%| F|  |TAMS 0x000000008f100000, 0x000000008f100000| Untracked 
| 242|0x000000008f200000, 0x000000008f200000, 0x000000008f300000|  0%| F|  |TAMS 0x000000008f200000, 0x000000008f200000| Untracked 
| 243|0x000000008f300000, 0x000000008f300000, 0x000000008f400000|  0%| F|  |TAMS 0x000000008f300000, 0x000000008f300000| Untracked 
| 244|0x000000008f400000, 0x000000008f400000, 0x000000008f500000|  0%| F|  |TAMS 0x000000008f400000, 0x000000008f400000| Untracked 
| 245|0x000000008f500000, 0x000000008f500000, 0x000000008f600000|  0%| F|  |TAMS 0x000000008f500000, 0x000000008f500000| Untracked 
| 246|0x000000008f600000, 0x000000008f600000, 0x000000008f700000|  0%| F|  |TAMS 0x000000008f600000, 0x000000008f600000| Untracked 
| 247|0x000000008f700000, 0x000000008f700000, 0x000000008f800000|  0%| F|  |TAMS 0x000000008f700000, 0x000000008f700000| Untracked 
| 248|0x000000008f800000, 0x000000008f800000, 0x000000008f900000|  0%| F|  |TAMS 0x000000008f800000, 0x000000008f800000| Untracked 
| 249|0x000000008f900000, 0x000000008f900000, 0x000000008fa00000|  0%| F|  |TAMS 0x000000008f900000, 0x000000008f900000| Untracked 
| 250|0x000000008fa00000, 0x000000008fa00000, 0x000000008fb00000|  0%| F|  |TAMS 0x000000008fa00000, 0x000000008fa00000| Untracked 
| 251|0x000000008fb00000, 0x000000008fb00000, 0x000000008fc00000|  0%| F|  |TAMS 0x000000008fb00000, 0x000000008fb00000| Untracked 
| 252|0x000000008fc00000, 0x000000008fc00000, 0x000000008fd00000|  0%| F|  |TAMS 0x000000008fc00000, 0x000000008fc00000| Untracked 
| 253|0x000000008fd00000, 0x000000008fd00000, 0x000000008fe00000|  0%| F|  |TAMS 0x000000008fd00000, 0x000000008fd00000| Untracked 
| 254|0x000000008fe00000, 0x000000008fe00000, 0x000000008ff00000|  0%| F|  |TAMS 0x000000008fe00000, 0x000000008fe00000| Untracked 
| 255|0x000000008ff00000, 0x000000008ff00000, 0x0000000090000000|  0%| F|  |TAMS 0x000000008ff00000, 0x000000008ff00000| Untracked 
| 256|0x0000000090000000, 0x0000000090000000, 0x0000000090100000|  0%| F|  |TAMS 0x0000000090000000, 0x0000000090000000| Untracked 
| 257|0x0000000090100000, 0x0000000090100000, 0x0000000090200000|  0%| F|  |TAMS 0x0000000090100000, 0x0000000090100000| Untracked 
| 258|0x0000000090200000, 0x0000000090200000, 0x0000000090300000|  0%| F|  |TAMS 0x0000000090200000, 0x0000000090200000| Untracked 
| 259|0x0000000090300000, 0x0000000090300000, 0x0000000090400000|  0%| F|  |TAMS 0x0000000090300000, 0x0000000090300000| Untracked 
| 260|0x0000000090400000, 0x0000000090400000, 0x0000000090500000|  0%| F|  |TAMS 0x0000000090400000, 0x0000000090400000| Untracked 
| 261|0x0000000090500000, 0x0000000090500000, 0x0000000090600000|  0%| F|  |TAMS 0x0000000090500000, 0x0000000090500000| Untracked 
| 262|0x0000000090600000, 0x0000000090600000, 0x0000000090700000|  0%| F|  |TAMS 0x0000000090600000, 0x0000000090600000| Untracked 
| 263|0x0000000090700000, 0x0000000090700000, 0x0000000090800000|  0%| F|  |TAMS 0x0000000090700000, 0x0000000090700000| Untracked 
| 264|0x0000000090800000, 0x000000009085c1a8, 0x0000000090900000| 35%| S|CS|TAMS 0x0000000090800000, 0x0000000090800000| Complete 
| 265|0x0000000090900000, 0x0000000090a00000, 0x0000000090a00000|100%| S|CS|TAMS 0x0000000090900000, 0x0000000090900000| Complete 
| 266|0x0000000090a00000, 0x0000000090a00000, 0x0000000090b00000|  0%| F|  |TAMS 0x0000000090a00000, 0x0000000090a00000| Untracked 
| 267|0x0000000090b00000, 0x0000000090b00000, 0x0000000090c00000|  0%| F|  |TAMS 0x0000000090b00000, 0x0000000090b00000| Untracked 
| 268|0x0000000090c00000, 0x0000000090c00000, 0x0000000090d00000|  0%| F|  |TAMS 0x0000000090c00000, 0x0000000090c00000| Untracked 
| 269|0x0000000090d00000, 0x0000000090d00000, 0x0000000090e00000|  0%| F|  |TAMS 0x0000000090d00000, 0x0000000090d00000| Untracked 
| 270|0x0000000090e00000, 0x0000000090e00000, 0x0000000090f00000|  0%| F|  |TAMS 0x0000000090e00000, 0x0000000090e00000| Untracked 
| 271|0x0000000090f00000, 0x0000000090f00000, 0x0000000091000000|  0%| F|  |TAMS 0x0000000090f00000, 0x0000000090f00000| Untracked 
| 272|0x0000000091000000, 0x0000000091000000, 0x0000000091100000|  0%| F|  |TAMS 0x0000000091000000, 0x0000000091000000| Untracked 
| 273|0x0000000091100000, 0x0000000091100000, 0x0000000091200000|  0%| F|  |TAMS 0x0000000091100000, 0x0000000091100000| Untracked 
| 274|0x0000000091200000, 0x0000000091200000, 0x0000000091300000|  0%| F|  |TAMS 0x0000000091200000, 0x0000000091200000| Untracked 
| 275|0x0000000091300000, 0x0000000091300000, 0x0000000091400000|  0%| F|  |TAMS 0x0000000091300000, 0x0000000091300000| Untracked 
| 276|0x0000000091400000, 0x0000000091400000, 0x0000000091500000|  0%| F|  |TAMS 0x0000000091400000, 0x0000000091400000| Untracked 
| 277|0x0000000091500000, 0x0000000091500000, 0x0000000091600000|  0%| F|  |TAMS 0x0000000091500000, 0x0000000091500000| Untracked 

Card table byte_map: [0x0000025178f90000,0x0000025179390000] _byte_map_base: 0x0000025178b90000

Marking Bits (Prev, Next): (CMBitMap*) 0x0000025174d7ade8, (CMBitMap*) 0x0000025174d7ae20
 Prev Bits: [0x0000025179790000, 0x000002517b790000)
 Next Bits: [0x000002517b790000, 0x000002517d790000)

Polling page: 0x0000025172c70000

Metaspace:

Usage:
  Non-class:    110.08 MB capacity,   107.75 MB ( 98%) used,     1.90 MB (  2%) free+waste,   445.25 KB ( <1%) overhead. 
      Class:     17.34 MB capacity,    15.88 MB ( 92%) used,     1.26 MB (  7%) free+waste,   204.00 KB (  1%) overhead. 
       Both:    127.42 MB capacity,   123.63 MB ( 97%) used,     3.16 MB (  2%) free+waste,   649.25 KB ( <1%) overhead. 

Virtual space:
  Non-class space:      112.00 MB reserved,     110.17 MB ( 98%) committed 
      Class space:        1.00 GB reserved,      17.57 MB (  2%) committed 
             Both:        1.11 GB reserved,     127.75 MB ( 11%) committed 

Chunk freelists:
   Non-Class:  29.00 KB
       Class:  132.00 KB
        Both:  161.00 KB

MaxMetaspaceSize: 17179869184.00 GB
CompressedClassSpaceSize: 1.00 GB
Initial GC threshold: 20.80 MB
Current GC threshold: 208.33 MB
CDS: off

CodeHeap 'non-profiled nmethods': size=120000Kb used=10973Kb max_used=10973Kb free=109026Kb
 bounds [0x0000025107ad0000, 0x0000025108590000, 0x000002510f000000]
CodeHeap 'profiled nmethods': size=120000Kb used=37294Kb max_used=37294Kb free=82705Kb
 bounds [0x00000251005a0000, 0x0000025102a10000, 0x0000025107ad0000]
CodeHeap 'non-nmethods': size=5760Kb used=2494Kb max_used=2548Kb free=3265Kb
 bounds [0x0000025100000000, 0x0000025100290000, 0x00000251005a0000]
 total_blobs=17319 nmethods=16296 adapters=935
 compilation: enabled
              stopped_count=0, restarted_count=0
 full_count=0

Compilation events (20 events):
Event: 266.229 Thread 0x000002510f2f9800 nmethod 16439 0x0000025108586990 code [0x0000025108586b40, 0x0000025108586bf8]
Event: 266.229 Thread 0x000002510f2f9800 16441       1       com.android.tools.r8.internal.mh::a (2 bytes)
Event: 266.229 Thread 0x000002510f2f9800 nmethod 16441 0x0000025108586c90 code [0x0000025108586e40, 0x0000025108586ef8]
Event: 266.229 Thread 0x000002510f2f9800 16451       2       com.android.tools.r8.internal.G50::c0 (8 bytes)
Event: 266.229 Thread 0x000002510f2f9800 nmethod 16451 0x0000025102a08f10 code [0x0000025102a090c0, 0x0000025102a091e8]
Event: 266.229 Thread 0x000002510f2f9800 16452       2       com.android.tools.r8.internal.Ro::s (9 bytes)
Event: 266.229 Thread 0x000002510f2f9800 nmethod 16452 0x0000025102a09290 code [0x0000025102a09480, 0x0000025102a09848]
Event: 266.229 Thread 0x000002510f2f9800 16453       2       com.android.tools.r8.internal.Q4::<init> (21 bytes)
Event: 266.230 Thread 0x000002510f2f9800 nmethod 16453 0x0000025102a09a10 code [0x0000025102a09c00, 0x0000025102a09f88]
Event: 266.230 Thread 0x000002510f2f9800 16457       2       com.android.tools.r8.internal.Gu::iterator (13 bytes)
Event: 266.230 Thread 0x000002510f2f9800 nmethod 16457 0x0000025102a0a190 code [0x0000025102a0a340, 0x0000025102a0a528]
Event: 266.230 Thread 0x000002510f2f9800 16450       2       com.android.tools.r8.internal.bp::a (68 bytes)
Event: 266.230 Thread 0x000002510f2f9800 nmethod 16450 0x0000025102a0a610 code [0x0000025102a0a7c0, 0x0000025102a0a948]
Event: 266.230 Thread 0x000002510f2f9800 16454       2       com.android.tools.r8.internal.uq::a (88 bytes)
Event: 266.230 Thread 0x000002510fb5d800 nmethod 16306 0x0000025108586f90 code [0x0000025108587140, 0x0000025108587368]
Event: 266.230 Thread 0x000002510fb5d800 16239       4       com.android.tools.r8.graph.x2::c (716 bytes)
Event: 266.231 Thread 0x000002510f2f9800 nmethod 16454 0x0000025102a0aa10 code [0x0000025102a0ac40, 0x0000025102a0b158]
Event: 266.231 Thread 0x000002510f2f9800 16455       2       com.android.tools.r8.internal.Fv::b (138 bytes)
Event: 266.231 Thread 0x000002510f2f9800 nmethod 16455 0x0000025102a0b410 code [0x0000025102a0b600, 0x0000025102a0b9a8]
Event: 266.231 Thread 0x000002510f2f9800 16456       2       com.android.tools.r8.internal.RF::a (51 bytes)

GC Heap History (20 events):
Event: 265.002 GC heap after
{Heap after GC invocations=112 (full 0):
 garbage-first heap   total 284672K, used 225460K [0x0000000080000000, 0x0000000100000000)
  region size 1024K, 2 young (2048K), 2 survivors (2048K)
 Metaspace       used 122737K, capacity 126448K, committed 126716K, reserved 1159168K
  class space    used 15693K, capacity 17185K, committed 17228K, reserved 1048576K
}
Event: 265.182 GC heap before
{Heap before GC invocations=112 (full 0):
 garbage-first heap   total 284672K, used 243892K [0x0000000080000000, 0x0000000100000000)
  region size 1024K, 20 young (20480K), 2 survivors (2048K)
 Metaspace       used 123315K, capacity 127142K, committed 127356K, reserved 1159168K
  class space    used 15780K, capacity 17315K, committed 17356K, reserved 1048576K
}
Event: 265.195 GC heap after
{Heap after GC invocations=113 (full 0):
 garbage-first heap   total 284672K, used 230054K [0x0000000080000000, 0x0000000100000000)
  region size 1024K, 3 young (3072K), 3 survivors (3072K)
 Metaspace       used 123315K, capacity 127142K, committed 127356K, reserved 1159168K
  class space    used 15780K, capacity 17315K, committed 17356K, reserved 1048576K
}
Event: 265.291 GC heap before
{Heap before GC invocations=113 (full 0):
 garbage-first heap   total 284672K, used 246438K [0x0000000080000000, 0x0000000100000000)
  region size 1024K, 19 young (19456K), 3 survivors (3072K)
 Metaspace       used 123343K, capacity 127159K, committed 127356K, reserved 1159168K
  class space    used 15782K, capacity 17319K, committed 17356K, reserved 1048576K
}
Event: 265.296 GC heap after
{Heap after GC invocations=114 (full 0):
 garbage-first heap   total 284672K, used 233286K [0x0000000080000000, 0x0000000100000000)
  region size 1024K, 3 young (3072K), 3 survivors (3072K)
 Metaspace       used 123343K, capacity 127159K, committed 127356K, reserved 1159168K
  class space    used 15782K, capacity 17319K, committed 17356K, reserved 1048576K
}
Event: 265.375 GC heap before
{Heap before GC invocations=114 (full 0):
 garbage-first heap   total 284672K, used 247622K [0x0000000080000000, 0x0000000100000000)
  region size 1024K, 17 young (17408K), 3 survivors (3072K)
 Metaspace       used 123034K, capacity 126717K, committed 127484K, reserved 1159168K
  class space    used 15652K, capacity 17093K, committed 17484K, reserved 1048576K
}
Event: 265.381 GC heap after
{Heap after GC invocations=115 (full 0):
 garbage-first heap   total 284672K, used 236087K [0x0000000080000000, 0x0000000100000000)
  region size 1024K, 3 young (3072K), 3 survivors (3072K)
 Metaspace       used 123034K, capacity 126717K, committed 127484K, reserved 1159168K
  class space    used 15652K, capacity 17093K, committed 17484K, reserved 1048576K
}
Event: 265.402 GC heap before
{Heap before GC invocations=115 (full 0):
 garbage-first heap   total 284672K, used 248375K [0x0000000080000000, 0x0000000100000000)
  region size 1024K, 15 young (15360K), 3 survivors (3072K)
 Metaspace       used 123044K, capacity 126723K, committed 127484K, reserved 1159168K
  class space    used 15654K, capacity 17095K, committed 17484K, reserved 1048576K
}
Event: 265.406 GC heap after
{Heap after GC invocations=116 (full 0):
 garbage-first heap   total 284672K, used 238271K [0x0000000080000000, 0x0000000100000000)
  region size 1024K, 2 young (2048K), 2 survivors (2048K)
 Metaspace       used 123044K, capacity 126723K, committed 127484K, reserved 1159168K
  class space    used 15654K, capacity 17095K, committed 17484K, reserved 1048576K
}
Event: 265.452 GC heap before
{Heap before GC invocations=117 (full 0):
 garbage-first heap   total 284672K, used 249535K [0x0000000080000000, 0x0000000100000000)
  region size 1024K, 13 young (13312K), 2 survivors (2048K)
 Metaspace       used 123153K, capacity 126821K, committed 127484K, reserved 1159168K
  class space    used 15669K, capacity 17106K, committed 17484K, reserved 1048576K
}
Event: 265.456 GC heap after
{Heap after GC invocations=118 (full 0):
 garbage-first heap   total 284672K, used 240640K [0x0000000080000000, 0x0000000100000000)
  region size 1024K, 2 young (2048K), 2 survivors (2048K)
 Metaspace       used 123153K, capacity 126821K, committed 127484K, reserved 1159168K
  class space    used 15669K, capacity 17106K, committed 17484K, reserved 1048576K
}
Event: 265.474 GC heap before
{Heap before GC invocations=118 (full 0):
 garbage-first heap   total 284672K, used 251904K [0x0000000080000000, 0x0000000100000000)
  region size 1024K, 13 young (13312K), 2 survivors (2048K)
 Metaspace       used 123258K, capacity 126970K, committed 127740K, reserved 1159168K
  class space    used 15681K, capacity 17113K, committed 17484K, reserved 1048576K
}
Event: 265.479 GC heap after
{Heap after GC invocations=119 (full 0):
 garbage-first heap   total 284672K, used 241720K [0x0000000080000000, 0x0000000100000000)
  region size 1024K, 2 young (2048K), 2 survivors (2048K)
 Metaspace       used 123258K, capacity 126970K, committed 127740K, reserved 1159168K
  class space    used 15681K, capacity 17113K, committed 17484K, reserved 1048576K
}
Event: 265.532 GC heap before
{Heap before GC invocations=119 (full 0):
 garbage-first heap   total 284672K, used 252984K [0x0000000080000000, 0x0000000100000000)
  region size 1024K, 13 young (13312K), 2 survivors (2048K)
 Metaspace       used 123636K, capacity 127381K, committed 127996K, reserved 1159168K
  class space    used 15771K, capacity 17217K, committed 17484K, reserved 1048576K
}
Event: 265.537 GC heap after
{Heap after GC invocations=120 (full 0):
 garbage-first heap   total 284672K, used 243597K [0x0000000080000000, 0x0000000100000000)
  region size 1024K, 2 young (2048K), 2 survivors (2048K)
 Metaspace       used 123636K, capacity 127381K, committed 127996K, reserved 1159168K
  class space    used 15771K, capacity 17217K, committed 17484K, reserved 1048576K
}
Event: 265.959 GC heap before
{Heap before GC invocations=121 (full 0):
 garbage-first heap   total 284672K, used 253837K [0x0000000080000000, 0x0000000100000000)
  region size 1024K, 13 young (13312K), 2 survivors (2048K)
 Metaspace       used 124842K, capacity 128544K, committed 129276K, reserved 1161216K
  class space    used 15946K, capacity 17386K, committed 17740K, reserved 1048576K
}
Event: 265.967 GC heap after
{Heap after GC invocations=122 (full 0):
 garbage-first heap   total 284672K, used 244877K [0x0000000080000000, 0x0000000100000000)
  region size 1024K, 2 young (2048K), 2 survivors (2048K)
 Metaspace       used 124842K, capacity 128544K, committed 129276K, reserved 1161216K
  class space    used 15946K, capacity 17386K, committed 17740K, reserved 1048576K
}
Event: 266.155 GC heap before
{Heap before GC invocations=122 (full 0):
 garbage-first heap   total 284672K, used 255117K [0x0000000080000000, 0x0000000100000000)
  region size 1024K, 13 young (13312K), 2 survivors (2048K)
 Metaspace       used 126154K, capacity 130012K, committed 130428K, reserved 1161216K
  class space    used 16163K, capacity 17643K, committed 17868K, reserved 1048576K
}
Event: 266.161 GC heap after
{Heap after GC invocations=123 (full 0):
 garbage-first heap   total 284672K, used 245278K [0x0000000080000000, 0x0000000100000000)
  region size 1024K, 2 young (2048K), 2 survivors (2048K)
 Metaspace       used 126154K, capacity 130012K, committed 130428K, reserved 1161216K
  class space    used 16163K, capacity 17643K, committed 17868K, reserved 1048576K
}
Event: 266.232 GC heap before
{Heap before GC invocations=123 (full 0):
 garbage-first heap   total 284672K, used 255518K [0x0000000080000000, 0x0000000100000000)
  region size 1024K, 13 young (13312K), 2 survivors (2048K)
 Metaspace       used 126594K, capacity 130479K, committed 130812K, reserved 1163264K
  class space    used 16261K, capacity 17756K, committed 17996K, reserved 1048576K
}

Deoptimization events (20 events):
Event: 266.114 Thread 0x00000251126df800 Uncommon trap: trap_request=0xffffff4d fr.pc=0x00000251084e587c relative=0x000000000000005c
Event: 266.115 Thread 0x00000251126df800 Uncommon trap: reason=unstable_if action=reinterpret pc=0x00000251084e587c method=com.android.tools.r8.internal.ug.a(C)Z @ 3 c2
Event: 266.115 Thread 0x00000251126df800 DEOPT PACKING pc=0x00000251084e587c sp=0x00000057276f92d0
Event: 266.115 Thread 0x00000251126df800 DEOPT UNPACKING pc=0x00000251000085af sp=0x00000057276f9268 mode 2
Event: 266.143 Thread 0x00000251126df800 Uncommon trap: trap_request=0xffffffc6 fr.pc=0x000002510830d508 relative=0x0000000000000348
Event: 266.143 Thread 0x00000251126df800 Uncommon trap: reason=bimorphic_or_optimized_type_check action=maybe_recompile pc=0x000002510830d508 method=java.util.stream.StreamOpFlag.fromCharacteristics(Ljava/util/Spliterator;)I @ 14 c2
Event: 266.143 Thread 0x00000251126df800 DEOPT PACKING pc=0x000002510830d508 sp=0x00000057276f96f0
Event: 266.143 Thread 0x00000251126df800 DEOPT UNPACKING pc=0x00000251000085af sp=0x00000057276f95d8 mode 2
Event: 266.170 Thread 0x0000025116ea8800 Uncommon trap: trap_request=0xffffffc6 fr.pc=0x000002510830aff4 relative=0x0000000000000334
Event: 266.170 Thread 0x0000025116ea8800 Uncommon trap: reason=bimorphic_or_optimized_type_check action=maybe_recompile pc=0x000002510830aff4 method=java.util.stream.StreamOpFlag.fromCharacteristics(Ljava/util/Spliterator;)I @ 14 c2
Event: 266.171 Thread 0x0000025116ea8800 DEOPT PACKING pc=0x000002510830aff4 sp=0x000000572aef9820
Event: 266.171 Thread 0x0000025116ea8800 DEOPT UNPACKING pc=0x00000251000085af sp=0x000000572aef9770 mode 2
Event: 266.173 Thread 0x0000025116d19000 Uncommon trap: trap_request=0xffffffc6 fr.pc=0x000002510831b438 relative=0x0000000000000078
Event: 266.174 Thread 0x0000025116d19000 Uncommon trap: reason=bimorphic_or_optimized_type_check action=maybe_recompile pc=0x000002510831b438 method=java.util.stream.StreamOpFlag.fromCharacteristics(Ljava/util/Spliterator;)I @ 14 c2
Event: 266.174 Thread 0x0000025116d19000 DEOPT PACKING pc=0x000002510831b438 sp=0x000000572cff68c0
Event: 266.174 Thread 0x0000025116d19000 DEOPT UNPACKING pc=0x00000251000085af sp=0x000000572cff6858 mode 2
Event: 266.198 Thread 0x0000025116ea8800 Uncommon trap: trap_request=0xffffff4d fr.pc=0x0000025107dae65c relative=0x0000000000000abc
Event: 266.198 Thread 0x0000025116ea8800 Uncommon trap: reason=unstable_if action=reinterpret pc=0x0000025107dae65c method=java.util.HashMap.computeIfAbsent(Ljava/lang/Object;Ljava/util/function/Function;)Ljava/lang/Object; @ 294 c2
Event: 266.198 Thread 0x0000025116ea8800 DEOPT PACKING pc=0x0000025107dae65c sp=0x000000572aef9620
Event: 266.198 Thread 0x0000025116ea8800 DEOPT UNPACKING pc=0x00000251000085af sp=0x000000572aef95d8 mode 2

Classes redefined (0 events):
No events

Internal exceptions (20 events):
Event: 264.927 Thread 0x0000025116d19000 Implicit null exception at 0x0000025107ced81a to 0x0000025107cf2348
Event: 264.927 Thread 0x00000251126df800 Implicit null exception at 0x0000025107ce4546 to 0x0000025107ce582c
Event: 265.067 Thread 0x0000025116ea8800 Exception <a 'java/lang/NoSuchMethodError'{0x00000000907b7a70}: 'int java.lang.invoke.DirectMethodHandle$Holder.invokeSpecial(java.lang.Object, java.lang.Object, java.lang.Object, java.lang.Object, java.lang.Object, java.lang.Object)'> (0x00000000907b7a70) thrown at [src/hotspot/share/interpreter/linkResolver.cpp, line 773]
Event: 265.448 Thread 0x0000025116ea8800 Exception <a 'java/lang/NoSuchMethodError'{0x0000000090ea5df8}: 'long java.lang.invoke.DirectMethodHandle$Holder.invokeStatic(java.lang.Object, java.lang.Object)'> (0x0000000090ea5df8) thrown at [src/hotspot/share/interpreter/linkResolver.cpp, line 773]
Event: 265.500 Thread 0x00000251126dd800 Exception <a 'java/lang/IncompatibleClassChangeError'{0x000000009101e740}: Found class java.lang.Object, but interface was expected> (0x000000009101e740) thrown at [src/hotspot/share/interpreter/linkResolver.cpp, line 839]
Event: 265.500 Thread 0x00000251126df800 Exception <a 'java/lang/IncompatibleClassChangeError'{0x0000000090f4c498}: Found class java.lang.Object, but interface was expected> (0x0000000090f4c498) thrown at [src/hotspot/share/interpreter/linkResolver.cpp, line 839]
Event: 265.500 Thread 0x0000025116eaf000 Exception <a 'java/lang/IncompatibleClassChangeError'{0x0000000090f4b650}: Found class java.lang.Object, but interface was expected> (0x0000000090f4b650) thrown at [src/hotspot/share/interpreter/linkResolver.cpp, line 839]
Event: 265.500 Thread 0x0000025113a34000 Exception <a 'java/lang/IncompatibleClassChangeError'{0x0000000090f19798}: Found class java.lang.Object, but interface was expected> (0x0000000090f19798) thrown at [src/hotspot/share/interpreter/linkResolver.cpp, line 839]
Event: 265.501 Thread 0x00000251126df800 Exception <a 'java/lang/IncompatibleClassChangeError'{0x0000000090f69058}: Found class java.lang.Object, but interface was expected> (0x0000000090f69058) thrown at [src/hotspot/share/interpreter/linkResolver.cpp, line 839]
Event: 265.501 Thread 0x0000025116eaf000 Exception <a 'java/lang/IncompatibleClassChangeError'{0x0000000090f611f8}: Found class java.lang.Object, but interface was expected> (0x0000000090f611f8) thrown at [src/hotspot/share/interpreter/linkResolver.cpp, line 839]
Event: 265.502 Thread 0x00000251126dd800 Exception <a 'java/lang/IncompatibleClassChangeError'{0x0000000091022010}: Found class java.lang.Object, but interface was expected> (0x0000000091022010) thrown at [src/hotspot/share/interpreter/linkResolver.cpp, line 839]
Event: 265.801 Thread 0x0000025116ea8800 Exception <a 'java/lang/NoSuchMethodError'{0x00000000911d5f30}: 'void java.lang.invoke.DirectMethodHandle$Holder.invokeSpecial(java.lang.Object, java.lang.Object, java.lang.Object, java.lang.Object, java.lang.Object, java.lang.Object, java.lang.Object, java.lang.Object, java.lang.Object, java.lang.Object)'> (0x00000000911d5f30) thrown at [src/hotspot/share/interpreter/linkResolver.cpp, line 773]
Event: 265.802 Thread 0x0000025116ea8800 Exception <a 'java/lang/NoSuchMethodError'{0x00000000911e2408}: 'java.lang.Object java.lang.invoke.DirectMethodHandle$Holder.invokeSpecial(java.lang.Object, java.lang.Object, java.lang.Object, java.lang.Object, java.lang.Object, java.lang.Object, java.lang.Object, java.lang.Object, java.lang.Object, java.lang.Object)'> (0x00000000911e2408) thrown at [src/hotspot/share/interpreter/linkResolver.cpp, line 773]
Event: 265.802 Thread 0x0000025116ea8800 Exception <a 'java/lang/NoSuchMethodError'{0x00000000911ffa18}: 'java.lang.Object java.lang.invoke.Invokers$Holder.linkToTargetMethod(java.lang.Object, java.lang.Object, java.lang.Object, java.lang.Object, java.lang.Object, java.lang.Object, java.lang.Object, java.lang.Object, java.lang.Object)'> (0x00000000911ffa18) thrown at [src/hotspot/share/interpreter/linkResolver.cpp, line 773]
Event: 265.905 Thread 0x00000251126dd800 Exception <a 'java/lang/NoSuchMethodError'{0x0000000090ecf350}: 'void java.lang.invoke.DirectMethodHandle$Holder.invokeSpecial(java.lang.Object, java.lang.Object, int, java.lang.Object)'> (0x0000000090ecf350) thrown at [src/hotspot/share/interpreter/linkResolver.cpp, line 773]
Event: 265.905 Thread 0x0000025116eaf000 Exception <a 'java/lang/NoSuchMethodError'{0x0000000090d5ffb0}: 'void java.lang.invoke.DirectMethodHandle$Holder.invokeSpecial(java.lang.Object, java.lang.Object, int, java.lang.Object)'> (0x0000000090d5ffb0) thrown at [src/hotspot/share/interpreter/linkResolver.cpp, line 773]
Event: 265.905 Thread 0x0000025116d19000 Exception <a 'java/lang/NoSuchMethodError'{0x00000000910eecf0}: 'void java.lang.invoke.DirectMethodHandle$Holder.invokeSpecial(java.lang.Object, java.lang.Object, int, java.lang.Object)'> (0x00000000910eecf0) thrown at [src/hotspot/share/interpreter/linkResolver.cpp, line 773]
Event: 266.072 Thread 0x00000251126dd800 Exception <a 'java/lang/NoSuchMethodError'{0x0000000091159500}: 'int java.lang.invoke.DirectMethodHandle$Holder.invokeSpecial(java.lang.Object, java.lang.Object, java.lang.Object, int, java.lang.Object)'> (0x0000000091159500) thrown at [src/hotspot/share/interpreter/linkResolver.cpp, line 773]
Event: 266.074 Thread 0x0000025115100000 Exception <a 'java/lang/NoSuchMethodError'{0x000000009116ba98}: 'int java.lang.invoke.DirectMethodHandle$Holder.invokeSpecial(java.lang.Object, java.lang.Object, java.lang.Object, int, java.lang.Object)'> (0x000000009116ba98) thrown at [src/hotspot/share/interpreter/linkResolver.cpp, line 773]
Event: 266.209 Thread 0x0000025115100000 Exception <a 'java/lang/NoSuchMethodError'{0x0000000090ee4e00}: 'java.lang.Object java.lang.invoke.DirectMethodHandle$Holder.invokeInterface(java.lang.Object, java.lang.Object, int)'> (0x0000000090ee4e00) thrown at [src/hotspot/share/interpreter/linkResolver.cpp, line 773]

Events (20 events):
Event: 266.204 loading class com/android/tools/r8/internal/jO done
Event: 266.205 loading class com/android/tools/r8/graph/V
Event: 266.205 loading class com/android/tools/r8/graph/V done
Event: 266.206 loading class com/android/tools/r8/graph/W
Event: 266.206 loading class com/android/tools/r8/graph/W done
Event: 266.207 loading class com/android/tools/r8/graph/W
Event: 266.207 loading class com/android/tools/r8/graph/W done
Event: 266.209 loading class com/android/tools/r8/internal/L4
Event: 266.209 loading class com/android/tools/r8/internal/L4 done
Event: 266.212 loading class com/android/tools/r8/internal/pk
Event: 266.212 loading class com/android/tools/r8/internal/pk done
Event: 266.213 loading class com/android/tools/r8/internal/kc
Event: 266.213 loading class com/android/tools/r8/internal/kc done
Event: 266.214 loading class com/android/tools/r8/internal/i3
Event: 266.214 loading class com/android/tools/r8/internal/i3 done
Event: 266.215 loading class com/android/tools/r8/internal/CI
Event: 266.215 loading class com/android/tools/r8/internal/CI done
Event: 266.223 loading class com/android/tools/r8/references/ArrayReference
Event: 266.223 loading class com/android/tools/r8/references/ArrayReference done
Event: 266.231 Executing VM operation: G1CollectForAllocation


Dynamic libraries:
0x00007ff673460000 - 0x00007ff67346a000 	C:\Program Files\Android\Android Studio\jbr\bin\java.exe
0x00007ff879e40000 - 0x00007ff87a049000 	C:\windows\SYSTEM32\ntdll.dll
0x00007ff878ce0000 - 0x00007ff878d9e000 	C:\windows\System32\KERNEL32.DLL
0x00007ff8773b0000 - 0x00007ff87772c000 	C:\windows\System32\KERNELBASE.dll
0x00007ff877970000 - 0x00007ff877a81000 	C:\windows\System32\ucrtbase.dll
0x00007ff85b530000 - 0x00007ff85b547000 	C:\Program Files\Android\Android Studio\jbr\bin\jli.dll
0x00007ff85aee0000 - 0x00007ff85aefb000 	C:\Program Files\Android\Android Studio\jbr\bin\VCRUNTIME140.dll
0x00007ff8797f0000 - 0x00007ff87999d000 	C:\windows\System32\USER32.dll
0x00007ff877730000 - 0x00007ff877756000 	C:\windows\System32\win32u.dll
0x00007ff878a60000 - 0x00007ff878a89000 	C:\windows\System32\GDI32.dll
0x00007ff855820000 - 0x00007ff855ac5000 	C:\windows\WinSxS\amd64_microsoft.windows.common-controls_6595b64144ccf1df_6.0.22000.120_none_9d947278b86cc467\COMCTL32.dll
0x00007ff8777e0000 - 0x00007ff8778f8000 	C:\windows\System32\gdi32full.dll
0x00007ff877310000 - 0x00007ff8773ad000 	C:\windows\System32\msvcp_win.dll
0x00007ff878e90000 - 0x00007ff878f33000 	C:\windows\System32\msvcrt.dll
0x00007ff879a90000 - 0x00007ff879ac1000 	C:\windows\System32\IMM32.DLL
0x00007ff824170000 - 0x00007ff8241fd000 	C:\Program Files\Android\Android Studio\jbr\bin\msvcp140.dll
0x00007ff8581d0000 - 0x00007ff8581dc000 	C:\windows\SYSTEM32\VCRUNTIME140_1.dll
0x00007fffeddf0000 - 0x00007fffee9ac000 	C:\Program Files\Android\Android Studio\jbr\bin\server\jvm.dll
0x00007ff877e40000 - 0x00007ff877eee000 	C:\windows\System32\ADVAPI32.dll
0x00007ff878a90000 - 0x00007ff878b2e000 	C:\windows\System32\sechost.dll
0x00007ff879c70000 - 0x00007ff879d90000 	C:\windows\System32\RPCRT4.dll
0x00007ff8797e0000 - 0x00007ff8797e8000 	C:\windows\System32\PSAPI.DLL
0x00007ff870530000 - 0x00007ff87053a000 	C:\windows\SYSTEM32\VERSION.dll
0x00007ff871760000 - 0x00007ff871793000 	C:\windows\SYSTEM32\WINMM.dll
0x00007ff872190000 - 0x00007ff872199000 	C:\windows\SYSTEM32\WSOCK32.dll
0x00007ff878fa0000 - 0x00007ff87900f000 	C:\windows\System32\ws2_32.DLL
0x00007ff876480000 - 0x00007ff876498000 	C:\windows\SYSTEM32\kernel.appcore.dll
0x00007ff871870000 - 0x00007ff871880000 	C:\Program Files\Android\Android Studio\jbr\bin\verify.dll
0x00007ff8748b0000 - 0x00007ff874ad1000 	C:\windows\SYSTEM32\DBGHELP.DLL
0x00007ff865970000 - 0x00007ff8659a1000 	C:\windows\SYSTEM32\dbgcore.DLL
0x00007ff877760000 - 0x00007ff8777df000 	C:\windows\System32\bcryptPrimitives.dll
0x00007ff85b4f0000 - 0x00007ff85b518000 	C:\Program Files\Android\Android Studio\jbr\bin\java.dll
0x00007ff871860000 - 0x00007ff87186a000 	C:\Program Files\Android\Android Studio\jbr\bin\jimage.dll
0x00007ff86cba0000 - 0x00007ff86cbb8000 	C:\Program Files\Android\Android Studio\jbr\bin\zip.dll
0x00007ff879010000 - 0x00007ff8797d5000 	C:\windows\System32\SHELL32.dll
0x00007ff8753d0000 - 0x00007ff875c35000 	C:\windows\SYSTEM32\windows.storage.dll
0x00007ff8786d0000 - 0x00007ff878a46000 	C:\windows\System32\combase.dll
0x00007ff875260000 - 0x00007ff8753c6000 	C:\windows\SYSTEM32\wintypes.dll
0x00007ff8799a0000 - 0x00007ff879a8a000 	C:\windows\System32\SHCORE.dll
0x00007ff878f40000 - 0x00007ff878f9d000 	C:\windows\System32\shlwapi.dll
0x00007ff877240000 - 0x00007ff877261000 	C:\windows\SYSTEM32\profapi.dll
0x00007ff85b4d0000 - 0x00007ff85b4e9000 	C:\Program Files\Android\Android Studio\jbr\bin\net.dll
0x00007ff872dc0000 - 0x00007ff872ed2000 	C:\windows\SYSTEM32\WINHTTP.dll
0x00007ff876920000 - 0x00007ff876987000 	C:\windows\system32\mswsock.dll
0x00007ff85b4b0000 - 0x00007ff85b4c3000 	C:\Program Files\Android\Android Studio\jbr\bin\nio.dll
0x00007ff85dba0000 - 0x00007ff85dbc7000 	C:\Users\MOHAMMAD ANZIL\.gradle\native\e1d6ef7f7dcc3fd88c89a11ec53ec762bb8ba0a96d01ffa2cd45eb1d1d8dd5c5\windows-amd64\native-platform.dll
0x00007ff8236f0000 - 0x00007ff823834000 	C:\Users\MOHAMMAD ANZIL\.gradle\native\0d407fdbe67a94daf76414ababcb853783967236a71b16ec16e742cd7a986fd3\windows-amd64\native-platform-file-events.dll
0x00007ff86ccf0000 - 0x00007ff86ccfa000 	C:\Program Files\Android\Android Studio\jbr\bin\management.dll
0x00007ff85b4a0000 - 0x00007ff85b4ab000 	C:\Program Files\Android\Android Studio\jbr\bin\management_ext.dll
0x00007ff876b60000 - 0x00007ff876b78000 	C:\windows\SYSTEM32\CRYPTSP.dll
0x00007ff8763c0000 - 0x00007ff8763f5000 	C:\windows\system32\rsaenh.dll
0x00007ff876a10000 - 0x00007ff876a39000 	C:\windows\SYSTEM32\USERENV.dll
0x00007ff876cf0000 - 0x00007ff876d17000 	C:\windows\SYSTEM32\bcrypt.dll
0x00007ff876b80000 - 0x00007ff876b8c000 	C:\windows\SYSTEM32\CRYPTBASE.dll
0x00007ff875f00000 - 0x00007ff875f2d000 	C:\windows\SYSTEM32\IPHLPAPI.DLL
0x00007ff878cd0000 - 0x00007ff878cd9000 	C:\windows\System32\NSI.dll
0x00007ff871a90000 - 0x00007ff871aa9000 	C:\windows\SYSTEM32\dhcpcsvc6.DLL
0x00007ff872460000 - 0x00007ff87247e000 	C:\windows\SYSTEM32\dhcpcsvc.DLL
0x00007ff875f30000 - 0x00007ff876018000 	C:\windows\SYSTEM32\DNSAPI.dll
0x00007ff82f970000 - 0x00007ff82f997000 	C:\Program Files\Android\Android Studio\jbr\bin\sunec.dll
0x0000000062400000 - 0x0000000062426000 	C:\Program Files\Bonjour\mdnsNSP.dll
0x00007ff870e80000 - 0x00007ff870e8a000 	C:\Windows\System32\rasadhlp.dll
0x00007ff871190000 - 0x00007ff871211000 	C:\windows\System32\fwpuclnt.dll
0x00007ff874380000 - 0x00007ff874411000 	C:\windows\system32\apphelp.dll

dbghelp: loaded successfully - version: 4.0.5 - missing functions: none
symbol engine: initialized successfully - sym options: 0x614 - pdb path: .;C:\Program Files\Android\Android Studio\jbr\bin;C:\windows\SYSTEM32;C:\windows\WinSxS\amd64_microsoft.windows.common-controls_6595b64144ccf1df_6.0.22000.120_none_9d947278b86cc467;C:\Program Files\Android\Android Studio\jbr\bin\server;C:\Users\MOHAMMAD ANZIL\.gradle\native\e1d6ef7f7dcc3fd88c89a11ec53ec762bb8ba0a96d01ffa2cd45eb1d1d8dd5c5\windows-amd64;C:\Users\MOHAMMAD ANZIL\.gradle\native\0d407fdbe67a94daf76414ababcb853783967236a71b16ec16e742cd7a986fd3\windows-amd64;C:\Program Files\Bonjour

VM Arguments:
jvm_args: --add-opens=java.base/java.util=ALL-UNNAMED --add-opens=java.base/java.lang=ALL-UNNAMED --add-opens=java.base/java.lang.invoke=ALL-UNNAMED --add-opens=java.base/java.util=ALL-UNNAMED --add-opens=java.prefs/java.util.prefs=ALL-UNNAMED --add-opens=java.prefs/java.util.prefs=ALL-UNNAMED --add-opens=java.base/java.nio.charset=ALL-UNNAMED --add-opens=java.base/java.net=ALL-UNNAMED --add-opens=java.base/java.util.concurrent.atomic=ALL-UNNAMED -Xmx2048m -Dfile.encoding=UTF-8 -Duser.country=US -Duser.language=en -Duser.variant 
java_command: org.gradle.launcher.daemon.bootstrap.GradleDaemon 7.5
java_class_path (initial): C:\Users\MOHAMMAD ANZIL\.gradle\wrapper\dists\gradle-7.5-bin\f1w0cc9nuo0eivz97x2xlu9sv\gradle-7.5\lib\gradle-launcher-7.5.jar
Launcher Type: SUN_STANDARD

[Global flags]
     intx CICompilerCount                          = 4                                         {product} {ergonomic}
     uint ConcGCThreads                            = 2                                         {product} {ergonomic}
     uint G1ConcRefinementThreads                  = 8                                         {product} {ergonomic}
   size_t G1HeapRegionSize                         = 1048576                                   {product} {ergonomic}
    uintx GCDrainStackTargetSize                   = 64                                        {product} {ergonomic}
   size_t InitialHeapSize                          = 132120576                                 {product} {ergonomic}
   size_t MarkStackSize                            = 4194304                                   {product} {ergonomic}
   size_t MaxHeapSize                              = 2147483648                                {product} {command line}
   size_t MaxNewSize                               = 1287651328                                {product} {ergonomic}
   size_t MinHeapDeltaBytes                        = 1048576                                   {product} {ergonomic}
    uintx NonNMethodCodeHeapSize                   = 5836300                                {pd product} {ergonomic}
    uintx NonProfiledCodeHeapSize                  = 122910970                              {pd product} {ergonomic}
    uintx ProfiledCodeHeapSize                     = 122910970                              {pd product} {ergonomic}
    uintx ReservedCodeCacheSize                    = 251658240                              {pd product} {ergonomic}
     bool SegmentedCodeCache                       = true                                      {product} {ergonomic}
     bool UseCompressedClassPointers               = true                                 {lp64_product} {ergonomic}
     bool UseCompressedOops                        = true                                 {lp64_product} {ergonomic}
     bool UseG1GC                                  = true                                      {product} {ergonomic}
     bool UseLargePagesIndividualAllocation        = false                                  {pd product} {ergonomic}

Logging:
Log output configuration:
 #0: stdout all=warning uptime,level,tags
 #1: stderr all=off uptime,level,tags

Environment Variables:
JAVA_HOME=C:\Program Files\Java\jdk1.8.0_77
PATH=C:\Program Files\Common Files\Oracle\Java\javapath;C:\Program Files (x86)\Common Files\Intel\Shared Libraries\redist\intel64\compiler;C:\Program Files (x86)\Common Files\Oracle\Java\javapath;C:\Program Files\Microsoft\jdk-11.0.12.7-hotspot\bin;C:\windows\system32;C:\windows;C:\windows\System32\Wbem;C:\windows\System32\WindowsPowerShell\v1.0\;C:\windows\System32\OpenSSH\;C:\Program Files (x86)\NVIDIA Corporation\PhysX\Common;C:\Program Files\NVIDIA Corporation\NVIDIA NvDLISR;C:\Program Files\Common Files\Autodesk Shared\;C:\Program Files\Microsoft SQL Server\120\Tools\Binn\;C:\Program Files\Git\cmd;C:\Program Files\dotnet\;C:\Program Files\Microsoft SQL Server\150\Tools\Binn\;C:\Program Files\Microsoft SQL Server\Client SDK\ODBC\170\Tools\Binn\;C:\MinGW\bin;C:\Program Files\Java\jre1.8.0_341\bin;C:\ProgramData\chocolatey\bin;C:\Program Files\nodejs\;C:\ProgramData\ComposerSetup\bin;C:\Users\MOHAMMAD ANZIL\AppData\Local\Programs\Python\Python311\Scripts\;C:\Users\MOHAMMAD ANZIL\AppData\Local\Programs\Python\Python311\;C:\Program Files\MySQL\MySQL Shell 8.0\bin\;C:\Users\MOHAMMAD ANZIL\AppData\Local\Microsoft\WindowsApps;C:\Users\MOHAMMAD ANZIL\AppData\Local\Programs\Microsoft VS Code\bin;C:\Users\MOHAMMAD ANZIL\.dotnet\tools;C:\Users\MOHAMMAD ANZIL\AppData\Local\Programs\Python\Python39;C:\Program Files\JetBrains\IntelliJ IDEA 2022.2.3\bin;;C:\Users\MOHAMMAD ANZIL\AppData\Roaming\npm;C:\php;C:\Users\MOHAMMAD ANZIL\AppData\Roaming\Composer\vendor\bin
USERNAME=MOHAMMAD ANZIL
OS=Windows_NT
PROCESSOR_IDENTIFIER=Intel64 Family 6 Model 140 Stepping 1, GenuineIntel



---------------  S Y S T E M  ---------------

OS: Windows 11 , 64 bit Build 22000 (10.0.22000.1516)
OS uptime: 1 days 18:14 hours
Hyper-V role detected

CPU:total 8 (initial active 8) (4 cores per cpu, 2 threads per core) family 6 model 140 stepping 1 microcode 0xa4, cmov, cx8, fxsr, mmx, sse, sse2, sse3, ssse3, sse4.1, sse4.2, popcnt, avx, avx2, aes, clmul, erms, 3dnowpref, lzcnt, ht, tsc, tscinvbit, bmi1, bmi2, adx, evex, sha, fma

Memory: 4k page, system-wide physical 7937M (433M free)
TotalPageFile size 18937M (AvailPageFile size 47M)
current process WorkingSet (physical memory assigned to process): 510M, peak: 572M
current process commit charge ("private bytes"): 705M, peak: 791M

vm_info: OpenJDK 64-Bit Server VM (11.0.15+0-b2043.56-8887301) for windows-amd64 JRE (11.0.15+0-b2043.56-8887301), built on Jul 29 2022 23:19:47 by "builduser" with unknown MS VC++:1929

END.
